2023-10-17T07:51:04+00:00 CRITICAL Uncaught TypeError: call_user_func_array(): Argument #1 ($callback) must be a valid callback, function "countdown_woocommerce_promo_activate_plugin" not found or invalid function name in D:\wordpress-6.2.2-vi\wordpress\wp-includes\class-wp-hook.php:310
Stack trace:
#0 D:\wordpress-6.2.2-vi\wordpress\wp-includes\class-wp-hook.php(334): WP_Hook->apply_filters(NULL, Array)
#1 D:\wordpress-6.2.2-vi\wordpress\wp-includes\plugin.php(517): WP_Hook->do_action(Array)
#2 D:\wordpress-6.2.2-vi\wordpress\wp-settings.php(610): do_action('after_setup_the...')
#3 D:\wordpress-6.2.2-vi\wordpress\wp-config.php(96): require_once('D:\\wordpress-6....')
#4 D:\wordpress-6.2.2-vi\wordpress\wp-load.php(50): require_once('D:\\wordpress-6....')
#5 D:\wordpress-6.2.2-vi\wordpress\wp-blog-header.php(13): require_once('D:\\wordpress-6....')
#6 D:\wordpress-6.2.2-vi\wordpress\index.php(17): require('D:\\wordpress-6....')
#7 {main}
  thrown in D:\wordpress-6.2.2-vi\wordpress\wp-includes\class-wp-hook.php on line 310

2023-10-17T07:51:10+00:00 CRITICAL Uncaught TypeError: call_user_func_array(): Argument #1 ($callback) must be a valid callback, function "countdown_woocommerce_promo_activate_plugin" not found or invalid function name in D:\wordpress-6.2.2-vi\wordpress\wp-includes\class-wp-hook.php:310
Stack trace:
#0 D:\wordpress-6.2.2-vi\wordpress\wp-includes\class-wp-hook.php(334): WP_Hook->apply_filters(NULL, Array)
#1 D:\wordpress-6.2.2-vi\wordpress\wp-includes\plugin.php(517): WP_Hook->do_action(Array)
#2 D:\wordpress-6.2.2-vi\wordpress\wp-settings.php(610): do_action('after_setup_the...')
#3 D:\wordpress-6.2.2-vi\wordpress\wp-config.php(96): require_once('D:\\wordpress-6....')
#4 D:\wordpress-6.2.2-vi\wordpress\wp-load.php(50): require_once('D:\\wordpress-6....')
#5 D:\wordpress-6.2.2-vi\wordpress\wp-blog-header.php(13): require_once('D:\\wordpress-6....')
#6 D:\wordpress-6.2.2-vi\wordpress\index.php(17): require('D:\\wordpress-6....')
#7 {main}
  thrown in D:\wordpress-6.2.2-vi\wordpress\wp-includes\class-wp-hook.php on line 310

2023-10-17T07:53:44+00:00 CRITICAL Uncaught Error: Xdebug has detected a possible infinite loop, and aborted your script with a stack depth of '256' frames in D:\wordpress-6.2.2-vi\wordpress\wp-content\themes\website\functions.php:58
Stack trace:
#0 D:\wordpress-6.2.2-vi\wordpress\wp-content\themes\website\functions.php(58): countdown_woocommerce_promo_display()
#1 D:\wordpress-6.2.2-vi\wordpress\wp-content\themes\website\functions.php(58): countdown_woocommerce_promo_display()
#2 D:\wordpress-6.2.2-vi\wordpress\wp-content\themes\website\functions.php(58): countdown_woocommerce_promo_display()
#3 D:\wordpress-6.2.2-vi\wordpress\wp-content\themes\website\functions.php(58): countdown_woocommerce_promo_display()
#4 D:\wordpress-6.2.2-vi\wordpress\wp-content\themes\website\functions.php(58): countdown_woocommerce_promo_display()
#5 D:\wordpress-6.2.2-vi\wordpress\wp-content\themes\website\functions.php(58): countdown_woocommerce_promo_display()
#6 D:\wordpress-6.2.2-vi\wordpress\wp-content\themes\website\functions.php(58): countdown_woocommerce_promo_display()
#7 D:\wordpress-6.2.2-vi\wordpress\wp-content\themes\website\functions.php(58): countdown_woocommerce_promo_display()
#8 D:\wordpress-6.2.2-vi\wordpress\wp-content\themes\website\functions.php(58): countdown_woocommerce_promo_display()
#9 D:\wordpress-6.2.2-vi\wordpress\wp-content\themes\website\functions.php(58): countdown_woocommerce_promo_display()
#10 D:\wordpress-6.2.2-vi\wordpress\wp-content\themes\website\functions.php(58): countdown_woocommerce_promo_display()
#11 D:\wordpress-6.2.2-vi\wordpress\wp-content\themes\website\functions.php(58): countdown_woocommerce_promo_display()
#12 D:\wordpress-6.2.2-vi\wordpress\wp-content\themes\website\functions.php(58): countdown_woocommerce_promo_display()
#13 D:\wordpress-6.2.2-vi\wordpress\wp-content\themes\website\functions.php(58): countdown_woocommerce_promo_display()
#14 D:\wordpress-6.2.2-vi\wordpress\wp-content\themes\website\functions.php(58): countdown_woocommerce_promo_display()
#15 D:\wordpress-6.2.2-vi\wordpress\wp-content\themes\website\functions.php(58): countdown_woocommerce_promo_display()
#16 D:\wordpress-6.2.2-vi\wordpress\wp-content\themes\website\functions.php(58): countdown_woocommerce_promo_display()
#17 D:\wordpress-6.2.2-vi\wordpress\wp-content\themes\website\functions.php(58): countdown_woocommerce_promo_display()
#18 D:\wordpress-6.2.2-vi\wordpress\wp-content\themes\website\functions.php(58): countdown_woocommerce_promo_display()
#19 D:\wordpress-6.2.2-vi\wordpress\wp-content\themes\website\functions.php(58): countdown_woocommerce_promo_display()
#20 D:\wordpress-6.2.2-vi\wordpress\wp-content\themes\website\functions.php(58): countdown_woocommerce_promo_display()
#21 D:\wordpress-6.2.2-vi\wordpress\wp-content\themes\website\functions.php(58): countdown_woocommerce_promo_display()
#22 D:\wordpress-6.2.2-vi\wordpress\wp-content\themes\website\functions.php(58): countdown_woocommerce_promo_display()
#23 D:\wordpress-6.2.2-vi\wordpress\wp-content\themes\website\functions.php(58): countdown_woocommerce_promo_display()
#24 D:\wordpress-6.2.2-vi\wordpress\wp-content\themes\website\functions.php(58): countdown_woocommerce_promo_display()
#25 D:\wordpress-6.2.2-vi\wordpress\wp-content\themes\website\functions.php(58): countdown_woocommerce_promo_display()
#26 D:\wordpress-6.2.2-vi\wordpress\wp-content\themes\website\functions.php(58): countdown_woocommerce_promo_display()
#27 D:\wordpress-6.2.2-vi\wordpress\wp-content\themes\website\functions.php(58): countdown_woocommerce_promo_display()
#28 D:\wordpress-6.2.2-vi\wordpress\wp-content\themes\website\functions.php(58): countdown_woocommerce_promo_display()
#29 D:\wordpress-6.2.2-vi\wordpress\wp-content\themes\website\functions.php(58): countdown_woocommerce_promo_display()
#30 D:\wordpress-6.2.2-vi\wordpress\wp-content\themes\website\functions.php(58): countdown_woocommerce_promo_display()
#31 D:\wordpress-6.2.2-vi\wordpress\wp-content\themes\website\functions.php(58): countdown_woocommerce_promo_display()
#32 D:\wordpress-6.2.2-vi\wordpress\wp-content\themes\website\functions.php(58): countdown_woocommerce_promo_display()
#33 D:\wordpress-6.2.2-vi\wordpress\wp-content\themes\website\functions.php(58): countdown_woocommerce_promo_display()
#34 D:\wordpress-6.2.2-vi\wordpress\wp-content\themes\website\functions.php(58): countdown_woocommerce_promo_display()
#35 D:\wordpress-6.2.2-vi\wordpress\wp-content\themes\website\functions.php(58): countdown_woocommerce_promo_display()
#36 D:\wordpress-6.2.2-vi\wordpress\wp-content\themes\website\functions.php(58): countdown_woocommerce_promo_display()
#37 D:\wordpress-6.2.2-vi\wordpress\wp-content\themes\website\functions.php(58): countdown_woocommerce_promo_display()
#38 D:\wordpress-6.2.2-vi\wordpress\wp-content\themes\website\functions.php(58): countdown_woocommerce_promo_display()
#39 D:\wordpress-6.2.2-vi\wordpress\wp-content\themes\website\functions.php(58): countdown_woocommerce_promo_display()
#40 D:\wordpress-6.2.2-vi\wordpress\wp-content\themes\website\functions.php(58): countdown_woocommerce_promo_display()
#41 D:\wordpress-6.2.2-vi\wordpress\wp-content\themes\website\functions.php(58): countdown_woocommerce_promo_display()
#42 D:\wordpress-6.2.2-vi\wordpress\wp-content\themes\website\functions.php(58): countdown_woocommerce_promo_display()
#43 D:\wordpress-6.2.2-vi\wordpress\wp-content\themes\website\functions.php(58): countdown_woocommerce_promo_display()
#44 D:\wordpress-6.2.2-vi\wordpress\wp-content\themes\website\functions.php(58): countdown_woocommerce_promo_display()
#45 D:\wordpress-6.2.2-vi\wordpress\wp-content\themes\website\functions.php(58): countdown_woocommerce_promo_display()
#46 D:\wordpress-6.2.2-vi\wordpress\wp-content\themes\website\functions.php(58): countdown_woocommerce_promo_display()
#47 D:\wordpress-6.2.2-vi\wordpress\wp-content\themes\website\functions.php(58): countdown_woocommerce_promo_display()
#48 D:\wordpress-6.2.2-vi\wordpress\wp-content\themes\website\functions.php(58): countdown_woocommerce_promo_display()
#49 D:\wordpress-6.2.2-vi\wordpress\wp-content\themes\website\functions.php(58): countdown_woocommerce_promo_display()
#50 D:\wordpress-6.2.2-vi\wordpress\wp-content\themes\website\functions.php(58): countdown_woocommerce_promo_display()
#51 D:\wordpress-6.2.2-vi\wordpress\wp-content\themes\website\functions.php(58): countdown_woocommerce_promo_display()
#52 D:\wordpress-6.2.2-vi\wordpress\wp-content\themes\website\functions.php(58): countdown_woocommerce_promo_display()
#53 D:\wordpress-6.2.2-vi\wordpress\wp-content\themes\website\functions.php(58): countdown_woocommerce_promo_display()
#54 D:\wordpress-6.2.2-vi\wordpress\wp-content\themes\website\functions.php(58): countdown_woocommerce_promo_display()
#55 D:\wordpress-6.2.2-vi\wordpress\wp-content\themes\website\functions.php(58): countdown_woocommerce_promo_display()
#56 D:\wordpress-6.2.2-vi\wordpress\wp-content\themes\website\functions.php(58): countdown_woocommerce_promo_display()
#57 D:\wordpress-6.2.2-vi\wordpress\wp-content\themes\website\functions.php(58): countdown_woocommerce_promo_display()
#58 D:\wordpress-6.2.2-vi\wordpress\wp-content\themes\website\functions.php(58): countdown_woocommerce_promo_display()
#59 D:\wordpress-6.2.2-vi\wordpress\wp-content\themes\website\functions.php(58): countdown_woocommerce_promo_display()
#60 D:\wordpress-6.2.2-vi\wordpress\wp-content\themes\website\functions.php(58): countdown_woocommerce_promo_display()
#61 D:\wordpress-6.2.2-vi\wordpress\wp-content\themes\website\functions.php(58): countdown_woocommerce_promo_display()
#62 D:\wordpress-6.2.2-vi\wordpress\wp-content\themes\website\functions.php(58): countdown_woocommerce_promo_display()
#63 D:\wordpress-6.2.2-vi\wordpress\wp-content\themes\website\functions.php(58): countdown_woocommerce_promo_display()
#64 D:\wordpress-6.2.2-vi\wordpress\wp-content\themes\website\functions.php(58): countdown_woocommerce_promo_display()
#65 D:\wordpress-6.2.2-vi\wordpress\wp-content\themes\website\functions.php(58): countdown_woocommerce_promo_display()
#66 D:\wordpress-6.2.2-vi\wordpress\wp-content\themes\website\functions.php(58): countdown_woocommerce_promo_display()
#67 D:\wordpress-6.2.2-vi\wordpress\wp-content\themes\website\functions.php(58): countdown_woocommerce_promo_display()
#68 D:\wordpress-6.2.2-vi\wordpress\wp-content\themes\website\functions.php(58): countdown_woocommerce_promo_display()
#69 D:\wordpress-6.2.2-vi\wordpress\wp-content\themes\website\functions.php(58): countdown_woocommerce_promo_display()
#70 D:\wordpress-6.2.2-vi\wordpress\wp-content\themes\website\functions.php(58): countdown_woocommerce_promo_display()
#71 D:\wordpress-6.2.2-vi\wordpress\wp-content\themes\website\functions.php(58): countdown_woocommerce_promo_display()
#72 D:\wordpress-6.2.2-vi\wordpress\wp-content\themes\website\functions.php(58): countdown_woocommerce_promo_display()
#73 D:\wordpress-6.2.2-vi\wordpress\wp-content\themes\website\functions.php(58): countdown_woocommerce_promo_display()
#74 D:\wordpress-6.2.2-vi\wordpress\wp-content\themes\website\functions.php(58): countdown_woocommerce_promo_display()
#75 D:\wordpress-6.2.2-vi\wordpress\wp-content\themes\website\functions.php(58): countdown_woocommerce_promo_display()
#76 D:\wordpress-6.2.2-vi\wordpress\wp-content\themes\website\functions.php(58): countdown_woocommerce_promo_display()
#77 D:\wordpress-6.2.2-vi\wordpress\wp-content\themes\website\functions.php(58): countdown_woocommerce_promo_display()
#78 D:\wordpress-6.2.2-vi\wordpress\wp-content\themes\website\functions.php(58): countdown_woocommerce_promo_display()
#79 D:\wordpress-6.2.2-vi\wordpress\wp-content\themes\website\functions.php(58): countdown_woocommerce_promo_display()
#80 D:\wordpress-6.2.2-vi\wordpress\wp-content\themes\website\functions.php(58): countdown_woocommerce_promo_display()
#81 D:\wordpress-6.2.2-vi\wordpress\wp-content\themes\website\functions.php(58): countdown_woocommerce_promo_display()
#82 D:\wordpress-6.2.2-vi\wordpress\wp-content\themes\website\functions.php(58): countdown_woocommerce_promo_display()
#83 D:\wordpress-6.2.2-vi\wordpress\wp-content\themes\website\functions.php(58): countdown_woocommerce_promo_display()
#84 D:\wordpress-6.2.2-vi\wordpress\wp-content\themes\website\functions.php(58): countdown_woocommerce_promo_display()
#85 D:\wordpress-6.2.2-vi\wordpress\wp-content\themes\website\functions.php(58): countdown_woocommerce_promo_display()
#86 D:\wordpress-6.2.2-vi\wordpress\wp-content\themes\website\functions.php(58): countdown_woocommerce_promo_display()
#87 D:\wordpress-6.2.2-vi\wordpress\wp-content\themes\website\functions.php(58): countdown_woocommerce_promo_display()
#88 D:\wordpress-6.2.2-vi\wordpress\wp-content\themes\website\functions.php(58): countdown_woocommerce_promo_display()
#89 D:\wordpress-6.2.2-vi\wordpress\wp-content\themes\website\functions.php(58): countdown_woocommerce_promo_display()
#90 D:\wordpress-6.2.2-vi\wordpress\wp-content\themes\website\functions.php(58): countdown_woocommerce_promo_display()
#91 D:\wordpress-6.2.2-vi\wordpress\wp-content\themes\website\functions.php(58): countdown_woocommerce_promo_display()
#92 D:\wordpress-6.2.2-vi\wordpress\wp-content\themes\website\functions.php(58): countdown_woocommerce_promo_display()
#93 D:\wordpress-6.2.2-vi\wordpress\wp-content\themes\website\functions.php(58): countdown_woocommerce_promo_display()
#94 D:\wordpress-6.2.2-vi\wordpress\wp-content\themes\website\functions.php(58): countdown_woocommerce_promo_display()
#95 D:\wordpress-6.2.2-vi\wordpress\wp-content\themes\website\functions.php(58): countdown_woocommerce_promo_display()
#96 D:\wordpress-6.2.2-vi\wordpress\wp-content\themes\website\functions.php(58): countdown_woocommerce_promo_display()
#97 D:\wordpress-6.2.2-vi\wordpress\wp-content\themes\website\functions.php(58): countdown_woocommerce_promo_display()
#98 D:\wordpress-6.2.2-vi\wordpress\wp-content\themes\website\functions.php(58): countdown_woocommerce_promo_display()
#99 D:\wordpress-6.2.2-vi\wordpress\wp-content\themes\website\functions.php(58): countdown_woocommerce_promo_display()
#100 D:\wordpress-6.2.2-vi\wordpress\wp-content\themes\website\functions.php(58): countdown_woocommerce_promo_display()
#101 D:\wordpress-6.2.2-vi\wordpress\wp-content\themes\website\functions.php(58): countdown_woocommerce_promo_display()
#102 D:\wordpress-6.2.2-vi\wordpress\wp-content\themes\website\functions.php(58): countdown_woocommerce_promo_display()
#103 D:\wordpress-6.2.2-vi\wordpress\wp-content\themes\website\functions.php(58): countdown_woocommerce_promo_display()
#104 D:\wordpress-6.2.2-vi\wordpress\wp-content\themes\website\functions.php(58): countdown_woocommerce_promo_display()
#105 D:\wordpress-6.2.2-vi\wordpress\wp-content\themes\website\functions.php(58): countdown_woocommerce_promo_display()
#106 D:\wordpress-6.2.2-vi\wordpress\wp-content\themes\website\functions.php(58): countdown_woocommerce_promo_display()
#107 D:\wordpress-6.2.2-vi\wordpress\wp-content\themes\website\functions.php(58): countdown_woocommerce_promo_display()
#108 D:\wordpress-6.2.2-vi\wordpress\wp-content\themes\website\functions.php(58): countdown_woocommerce_promo_display()
#109 D:\wordpress-6.2.2-vi\wordpress\wp-content\themes\website\functions.php(58): countdown_woocommerce_promo_display()
#110 D:\wordpress-6.2.2-vi\wordpress\wp-content\themes\website\functions.php(58): countdown_woocommerce_promo_display()
#111 D:\wordpress-6.2.2-vi\wordpress\wp-content\themes\website\functions.php(58): countdown_woocommerce_promo_display()
#112 D:\wordpress-6.2.2-vi\wordpress\wp-content\themes\website\functions.php(58): countdown_woocommerce_promo_display()
#113 D:\wordpress-6.2.2-vi\wordpress\wp-content\themes\website\functions.php(58): countdown_woocommerce_promo_display()
#114 D:\wordpress-6.2.2-vi\wordpress\wp-content\themes\website\functions.php(58): countdown_woocommerce_promo_display()
#115 D:\wordpress-6.2.2-vi\wordpress\wp-content\themes\website\functions.php(58): countdown_woocommerce_promo_display()
#116 D:\wordpress-6.2.2-vi\wordpress\wp-content\themes\website\functions.php(58): countdown_woocommerce_promo_display()
#117 D:\wordpress-6.2.2-vi\wordpress\wp-content\themes\website\functions.php(58): countdown_woocommerce_promo_display()
#118 D:\wordpress-6.2.2-vi\wordpress\wp-content\themes\website\functions.php(58): countdown_woocommerce_promo_display()
#119 D:\wordpress-6.2.2-vi\wordpress\wp-content\themes\website\functions.php(58): countdown_woocommerce_promo_display()
#120 D:\wordpress-6.2.2-vi\wordpress\wp-content\themes\website\functions.php(58): countdown_woocommerce_promo_display()
#121 D:\wordpress-6.2.2-vi\wordpress\wp-content\themes\website\functions.php(58): countdown_woocommerce_promo_display()
#122 D:\wordpress-6.2.2-vi\wordpress\wp-content\themes\website\functions.php(58): countdown_woocommerce_promo_display()
#123 D:\wordpress-6.2.2-vi\wordpress\wp-content\themes\website\functions.php(58): countdown_woocommerce_promo_display()
#124 D:\wordpress-6.2.2-vi\wordpress\wp-content\themes\website\functions.php(58): countdown_woocommerce_promo_display()
#125 D:\wordpress-6.2.2-vi\wordpress\wp-content\themes\website\functions.php(58): countdown_woocommerce_promo_display()
#126 D:\wordpress-6.2.2-vi\wordpress\wp-content\themes\website\functions.php(58): countdown_woocommerce_promo_display()
#127 D:\wordpress-6.2.2-vi\wordpress\wp-content\themes\website\functions.php(58): countdown_woocommerce_promo_display()
#128 D:\wordpress-6.2.2-vi\wordpress\wp-content\themes\website\functions.php(58): countdown_woocommerce_promo_display()
#129 D:\wordpress-6.2.2-vi\wordpress\wp-content\themes\website\functions.php(58): countdown_woocommerce_promo_display()
#130 D:\wordpress-6.2.2-vi\wordpress\wp-content\themes\website\functions.php(58): countdown_woocommerce_promo_display()
#131 D:\wordpress-6.2.2-vi\wordpress\wp-content\themes\website\functions.php(58): countdown_woocommerce_promo_display()
#132 D:\wordpress-6.2.2-vi\wordpress\wp-content\themes\website\functions.php(58): countdown_woocommerce_promo_display()
#133 D:\wordpress-6.2.2-vi\wordpress\wp-content\themes\website\functions.php(58): countdown_woocommerce_promo_display()
#134 D:\wordpress-6.2.2-vi\wordpress\wp-content\themes\website\functions.php(58): countdown_woocommerce_promo_display()
#135 D:\wordpress-6.2.2-vi\wordpress\wp-content\themes\website\functions.php(58): countdown_woocommerce_promo_display()
#136 D:\wordpress-6.2.2-vi\wordpress\wp-content\themes\website\functions.php(58): countdown_woocommerce_promo_display()
#137 D:\wordpress-6.2.2-vi\wordpress\wp-content\themes\website\functions.php(58): countdown_woocommerce_promo_display()
#138 D:\wordpress-6.2.2-vi\wordpress\wp-content\themes\website\functions.php(58): countdown_woocommerce_promo_display()
#139 D:\wordpress-6.2.2-vi\wordpress\wp-content\themes\website\functions.php(58): countdown_woocommerce_promo_display()
#140 D:\wordpress-6.2.2-vi\wordpress\wp-content\themes\website\functions.php(58): countdown_woocommerce_promo_display()
#141 D:\wordpress-6.2.2-vi\wordpress\wp-content\themes\website\functions.php(58): countdown_woocommerce_promo_display()
#142 D:\wordpress-6.2.2-vi\wordpress\wp-content\themes\website\functions.php(58): countdown_woocommerce_promo_display()
#143 D:\wordpress-6.2.2-vi\wordpress\wp-content\themes\website\functions.php(58): countdown_woocommerce_promo_display()
#144 D:\wordpress-6.2.2-vi\wordpress\wp-content\themes\website\functions.php(58): countdown_woocommerce_promo_display()
#145 D:\wordpress-6.2.2-vi\wordpress\wp-content\themes\website\functions.php(58): countdown_woocommerce_promo_display()
#146 D:\wordpress-6.2.2-vi\wordpress\wp-content\themes\website\functions.php(58): countdown_woocommerce_promo_display()
#147 D:\wordpress-6.2.2-vi\wordpress\wp-content\themes\website\functions.php(58): countdown_woocommerce_promo_display()
#148 D:\wordpress-6.2.2-vi\wordpress\wp-content\themes\website\functions.php(58): countdown_woocommerce_promo_display()
#149 D:\wordpress-6.2.2-vi\wordpress\wp-content\themes\website\functions.php(58): countdown_woocommerce_promo_display()
#150 D:\wordpress-6.2.2-vi\wordpress\wp-content\themes\website\functions.php(58): countdown_woocommerce_promo_display()
#151 D:\wordpress-6.2.2-vi\wordpress\wp-content\themes\website\functions.php(58): countdown_woocommerce_promo_display()
#152 D:\wordpress-6.2.2-vi\wordpress\wp-content\themes\website\functions.php(58): countdown_woocommerce_promo_display()
#153 D:\wordpress-6.2.2-vi\wordpress\wp-content\themes\website\functions.php(58): countdown_woocommerce_promo_display()
#154 D:\wordpress-6.2.2-vi\wordpress\wp-content\themes\website\functions.php(58): countdown_woocommerce_promo_display()
#155 D:\wordpress-6.2.2-vi\wordpress\wp-content\themes\website\functions.php(58): countdown_woocommerce_promo_display()
#156 D:\wordpress-6.2.2-vi\wordpress\wp-content\themes\website\functions.php(58): countdown_woocommerce_promo_display()
#157 D:\wordpress-6.2.2-vi\wordpress\wp-content\themes\website\functions.php(58): countdown_woocommerce_promo_display()
#158 D:\wordpress-6.2.2-vi\wordpress\wp-content\themes\website\functions.php(58): countdown_woocommerce_promo_display()
#159 D:\wordpress-6.2.2-vi\wordpress\wp-content\themes\website\functions.php(58): countdown_woocommerce_promo_display()
#160 D:\wordpress-6.2.2-vi\wordpress\wp-content\themes\website\functions.php(58): countdown_woocommerce_promo_display()
#161 D:\wordpress-6.2.2-vi\wordpress\wp-content\themes\website\functions.php(58): countdown_woocommerce_promo_display()
#162 D:\wordpress-6.2.2-vi\wordpress\wp-content\themes\website\functions.php(58): countdown_woocommerce_promo_display()
#163 D:\wordpress-6.2.2-vi\wordpress\wp-content\themes\website\functions.php(58): countdown_woocommerce_promo_display()
#164 D:\wordpress-6.2.2-vi\wordpress\wp-content\themes\website\functions.php(58): countdown_woocommerce_promo_display()
#165 D:\wordpress-6.2.2-vi\wordpress\wp-content\themes\website\functions.php(58): countdown_woocommerce_promo_display()
#166 D:\wordpress-6.2.2-vi\wordpress\wp-content\themes\website\functions.php(58): countdown_woocommerce_promo_display()
#167 D:\wordpress-6.2.2-vi\wordpress\wp-content\themes\website\functions.php(58): countdown_woocommerce_promo_display()
#168 D:\wordpress-6.2.2-vi\wordpress\wp-content\themes\website\functions.php(58): countdown_woocommerce_promo_display()
#169 D:\wordpress-6.2.2-vi\wordpress\wp-content\themes\website\functions.php(58): countdown_woocommerce_promo_display()
#170 D:\wordpress-6.2.2-vi\wordpress\wp-content\themes\website\functions.php(58): countdown_woocommerce_promo_display()
#171 D:\wordpress-6.2.2-vi\wordpress\wp-content\themes\website\functions.php(58): countdown_woocommerce_promo_display()
#172 D:\wordpress-6.2.2-vi\wordpress\wp-content\themes\website\functions.php(58): countdown_woocommerce_promo_display()
#173 D:\wordpress-6.2.2-vi\wordpress\wp-content\themes\website\functions.php(58): countdown_woocommerce_promo_display()
#174 D:\wordpress-6.2.2-vi\wordpress\wp-content\themes\website\functions.php(58): countdown_woocommerce_promo_display()
#175 D:\wordpress-6.2.2-vi\wordpress\wp-content\themes\website\functions.php(58): countdown_woocommerce_promo_display()
#176 D:\wordpress-6.2.2-vi\wordpress\wp-content\themes\website\functions.php(58): countdown_woocommerce_promo_display()
#177 D:\wordpress-6.2.2-vi\wordpress\wp-content\themes\website\functions.php(58): countdown_woocommerce_promo_display()
#178 D:\wordpress-6.2.2-vi\wordpress\wp-content\themes\website\functions.php(58): countdown_woocommerce_promo_display()
#179 D:\wordpress-6.2.2-vi\wordpress\wp-content\themes\website\functions.php(58): countdown_woocommerce_promo_display()
#180 D:\wordpress-6.2.2-vi\wordpress\wp-content\themes\website\functions.php(58): countdown_woocommerce_promo_display()
#181 D:\wordpress-6.2.2-vi\wordpress\wp-content\themes\website\functions.php(58): countdown_woocommerce_promo_display()
#182 D:\wordpress-6.2.2-vi\wordpress\wp-content\themes\website\functions.php(58): countdown_woocommerce_promo_display()
#183 D:\wordpress-6.2.2-vi\wordpress\wp-content\themes\website\functions.php(58): countdown_woocommerce_promo_display()
#184 D:\wordpress-6.2.2-vi\wordpress\wp-content\themes\website\functions.php(58): countdown_woocommerce_promo_display()
#185 D:\wordpress-6.2.2-vi\wordpress\wp-content\themes\website\functions.php(58): countdown_woocommerce_promo_display()
#186 D:\wordpress-6.2.2-vi\wordpress\wp-content\themes\website\functions.php(58): countdown_woocommerce_promo_display()
#187 D:\wordpress-6.2.2-vi\wordpress\wp-content\themes\website\functions.php(58): countdown_woocommerce_promo_display()
#188 D:\wordpress-6.2.2-vi\wordpress\wp-content\themes\website\functions.php(58): countdown_woocommerce_promo_display()
#189 D:\wordpress-6.2.2-vi\wordpress\wp-content\themes\website\functions.php(58): countdown_woocommerce_promo_display()
#190 D:\wordpress-6.2.2-vi\wordpress\wp-content\themes\website\functions.php(58): countdown_woocommerce_promo_display()
#191 D:\wordpress-6.2.2-vi\wordpress\wp-content\themes\website\functions.php(58): countdown_woocommerce_promo_display()
#192 D:\wordpress-6.2.2-vi\wordpress\wp-content\themes\website\functions.php(58): countdown_woocommerce_promo_display()
#193 D:\wordpress-6.2.2-vi\wordpress\wp-content\themes\website\functions.php(58): countdown_woocommerce_promo_display()
#194 D:\wordpress-6.2.2-vi\wordpress\wp-content\themes\website\functions.php(58): countdown_woocommerce_promo_display()
#195 D:\wordpress-6.2.2-vi\wordpress\wp-content\themes\website\functions.php(58): countdown_woocommerce_promo_display()
#196 D:\wordpress-6.2.2-vi\wordpress\wp-content\themes\website\functions.php(58): countdown_woocommerce_promo_display()
#197 D:\wordpress-6.2.2-vi\wordpress\wp-content\themes\website\functions.php(58): countdown_woocommerce_promo_display()
#198 D:\wordpress-6.2.2-vi\wordpress\wp-content\themes\website\functions.php(58): countdown_woocommerce_promo_display()
#199 D:\wordpress-6.2.2-vi\wordpress\wp-content\themes\website\functions.php(58): countdown_woocommerce_promo_display()
#200 D:\wordpress-6.2.2-vi\wordpress\wp-content\themes\website\functions.php(58): countdown_woocommerce_promo_display()
#201 D:\wordpress-6.2.2-vi\wordpress\wp-content\themes\website\functions.php(58): countdown_woocommerce_promo_display()
#202 D:\wordpress-6.2.2-vi\wordpress\wp-content\themes\website\functions.php(58): countdown_woocommerce_promo_display()
#203 D:\wordpress-6.2.2-vi\wordpress\wp-content\themes\website\functions.php(58): countdown_woocommerce_promo_display()
#204 D:\wordpress-6.2.2-vi\wordpress\wp-content\themes\website\functions.php(58): countdown_woocommerce_promo_display()
#205 D:\wordpress-6.2.2-vi\wordpress\wp-content\themes\website\functions.php(58): countdown_woocommerce_promo_display()
#206 D:\wordpress-6.2.2-vi\wordpress\wp-content\themes\website\functions.php(58): countdown_woocommerce_promo_display()
#207 D:\wordpress-6.2.2-vi\wordpress\wp-content\themes\website\functions.php(58): countdown_woocommerce_promo_display()
#208 D:\wordpress-6.2.2-vi\wordpress\wp-content\themes\website\functions.php(58): countdown_woocommerce_promo_display()
#209 D:\wordpress-6.2.2-vi\wordpress\wp-content\themes\website\functions.php(58): countdown_woocommerce_promo_display()
#210 D:\wordpress-6.2.2-vi\wordpress\wp-content\themes\website\functions.php(58): countdown_woocommerce_promo_display()
#211 D:\wordpress-6.2.2-vi\wordpress\wp-content\themes\website\functions.php(58): countdown_woocommerce_promo_display()
#212 D:\wordpress-6.2.2-vi\wordpress\wp-content\themes\website\functions.php(58): countdown_woocommerce_promo_display()
#213 D:\wordpress-6.2.2-vi\wordpress\wp-content\themes\website\functions.php(58): countdown_woocommerce_promo_display()
#214 D:\wordpress-6.2.2-vi\wordpress\wp-content\themes\website\functions.php(58): countdown_woocommerce_promo_display()
#215 D:\wordpress-6.2.2-vi\wordpress\wp-content\themes\website\functions.php(58): countdown_woocommerce_promo_display()
#216 D:\wordpress-6.2.2-vi\wordpress\wp-content\themes\website\functions.php(58): countdown_woocommerce_promo_display()
#217 D:\wordpress-6.2.2-vi\wordpress\wp-content\themes\website\functions.php(58): countdown_woocommerce_promo_display()
#218 D:\wordpress-6.2.2-vi\wordpress\wp-content\themes\website\functions.php(58): countdown_woocommerce_promo_display()
#219 D:\wordpress-6.2.2-vi\wordpress\wp-content\themes\website\functions.php(58): countdown_woocommerce_promo_display()
#220 D:\wordpress-6.2.2-vi\wordpress\wp-content\themes\website\functions.php(58): countdown_woocommerce_promo_display()
#221 D:\wordpress-6.2.2-vi\wordpress\wp-content\themes\website\functions.php(58): countdown_woocommerce_promo_display()
#222 D:\wordpress-6.2.2-vi\wordpress\wp-content\themes\website\functions.php(58): countdown_woocommerce_promo_display()
#223 D:\wordpress-6.2.2-vi\wordpress\wp-content\themes\website\functions.php(58): countdown_woocommerce_promo_display()
#224 D:\wordpress-6.2.2-vi\wordpress\wp-content\themes\website\functions.php(58): countdown_woocommerce_promo_display()
#225 D:\wordpress-6.2.2-vi\wordpress\wp-content\themes\website\functions.php(58): countdown_woocommerce_promo_display()
#226 D:\wordpress-6.2.2-vi\wordpress\wp-content\themes\website\functions.php(58): countdown_woocommerce_promo_display()
#227 D:\wordpress-6.2.2-vi\wordpress\wp-content\themes\website\functions.php(58): countdown_woocommerce_promo_display()
#228 D:\wordpress-6.2.2-vi\wordpress\wp-content\themes\website\functions.php(58): countdown_woocommerce_promo_display()
#229 D:\wordpress-6.2.2-vi\wordpress\wp-content\themes\website\functions.php(58): countdown_woocommerce_promo_display()
#230 D:\wordpress-6.2.2-vi\wordpress\wp-content\themes\website\functions.php(58): countdown_woocommerce_promo_display()
#231 D:\wordpress-6.2.2-vi\wordpress\wp-content\themes\website\functions.php(58): countdown_woocommerce_promo_display()
#232 D:\wordpress-6.2.2-vi\wordpress\wp-content\themes\website\functions.php(58): countdown_woocommerce_promo_display()
#233 D:\wordpress-6.2.2-vi\wordpress\wp-content\themes\website\functions.php(58): countdown_woocommerce_promo_display()
#234 D:\wordpress-6.2.2-vi\wordpress\wp-content\themes\website\functions.php(58): countdown_woocommerce_promo_display()
#235 D:\wordpress-6.2.2-vi\wordpress\wp-content\themes\website\functions.php(58): countdown_woocommerce_promo_display()
#236 D:\wordpress-6.2.2-vi\wordpress\wp-content\themes\website\functions.php(58): countdown_woocommerce_promo_display()
#237 D:\wordpress-6.2.2-vi\wordpress\wp-content\themes\website\functions.php(58): countdown_woocommerce_promo_display()
#238 D:\wordpress-6.2.2-vi\wordpress\wp-content\themes\website\functions.php(58): countdown_woocommerce_promo_display()
#239 D:\wordpress-6.2.2-vi\wordpress\wp-content\themes\website\functions.php(58): countdown_woocommerce_promo_display()
#240 D:\wordpress-6.2.2-vi\wordpress\wp-content\themes\website\functions.php(58): countdown_woocommerce_promo_display()
#241 D:\wordpress-6.2.2-vi\wordpress\wp-content\themes\website\functions.php(58): countdown_woocommerce_promo_display()
#242 D:\wordpress-6.2.2-vi\wordpress\wp-content\themes\website\functions.php(58): countdown_woocommerce_promo_display()
#243 D:\wordpress-6.2.2-vi\wordpress\wp-content\themes\website\woocommerce\content-product.php(29): countdown_woocommerce_promo_display()
#244 D:\wordpress-6.2.2-vi\wordpress\wp-includes\template.php(787): require('D:\\wordpress-6....')
#245 D:\wordpress-6.2.2-vi\wordpress\wp-content\plugins\woocommerce\includes\wc-core-functions.php(284): load_template('D:\\wordpress-6....', false)
#246 D:\wordpress-6.2.2-vi\wordpress\wp-content\plugins\woocommerce\includes\shortcodes\class-wc-shortcode-products.php(660): wc_get_template_part('content', 'product')
#247 D:\wordpress-6.2.2-vi\wordpress\wp-content\plugins\woocommerce\includes\shortcodes\class-wc-shortcode-products.php(100): WC_Shortcode_Products->product_loop()
#248 D:\wordpress-6.2.2-vi\wordpress\wp-content\plugins\woocommerce\includes\class-wc-template-loader.php(600): WC_Shortcode_Products->get_content()
#249 D:\wordpress-6.2.2-vi\wordpress\wp-includes\class-wp-hook.php(310): WC_Template_Loader::unsupported_theme_shop_content_filter('')
#250 D:\wordpress-6.2.2-vi\wordpress\wp-includes\plugin.php(205): WP_Hook->apply_filters('', Array)
#251 D:\wordpress-6.2.2-vi\wordpress\wp-includes\post-template.php(256): apply_filters('the_content', '')
#252 D:\wordpress-6.2.2-vi\wordpress\wp-content\themes\website\page.php(45): the_content()
#253 D:\wordpress-6.2.2-vi\wordpress\wp-includes\template-loader.php(106): include('D:\\wordpress-6....')
#254 D:\wordpress-6.2.2-vi\wordpress\wp-blog-header.php(19): require_once('D:\\wordpress-6....')
#255 D:\wordpress-6.2.2-vi\wordpress\index.php(17): require('D:\\wordpress-6....')
#256 {main}
  thrown in D:\wordpress-6.2.2-vi\wordpress\wp-content\themes\website\functions.php on line 58

2023-10-17T07:56:23+00:00 CRITICAL Uncaught Error: Xdebug has detected a possible infinite loop, and aborted your script with a stack depth of '256' frames in D:\wordpress-6.2.2-vi\wordpress\wp-content\themes\website\functions.php:58
Stack trace:
#0 D:\wordpress-6.2.2-vi\wordpress\wp-content\themes\website\functions.php(58): countdown_woocommerce_promo_display()
#1 D:\wordpress-6.2.2-vi\wordpress\wp-content\themes\website\functions.php(58): countdown_woocommerce_promo_display()
#2 D:\wordpress-6.2.2-vi\wordpress\wp-content\themes\website\functions.php(58): countdown_woocommerce_promo_display()
#3 D:\wordpress-6.2.2-vi\wordpress\wp-content\themes\website\functions.php(58): countdown_woocommerce_promo_display()
#4 D:\wordpress-6.2.2-vi\wordpress\wp-content\themes\website\functions.php(58): countdown_woocommerce_promo_display()
#5 D:\wordpress-6.2.2-vi\wordpress\wp-content\themes\website\functions.php(58): countdown_woocommerce_promo_display()
#6 D:\wordpress-6.2.2-vi\wordpress\wp-content\themes\website\functions.php(58): countdown_woocommerce_promo_display()
#7 D:\wordpress-6.2.2-vi\wordpress\wp-content\themes\website\functions.php(58): countdown_woocommerce_promo_display()
#8 D:\wordpress-6.2.2-vi\wordpress\wp-content\themes\website\functions.php(58): countdown_woocommerce_promo_display()
#9 D:\wordpress-6.2.2-vi\wordpress\wp-content\themes\website\functions.php(58): countdown_woocommerce_promo_display()
#10 D:\wordpress-6.2.2-vi\wordpress\wp-content\themes\website\functions.php(58): countdown_woocommerce_promo_display()
#11 D:\wordpress-6.2.2-vi\wordpress\wp-content\themes\website\functions.php(58): countdown_woocommerce_promo_display()
#12 D:\wordpress-6.2.2-vi\wordpress\wp-content\themes\website\functions.php(58): countdown_woocommerce_promo_display()
#13 D:\wordpress-6.2.2-vi\wordpress\wp-content\themes\website\functions.php(58): countdown_woocommerce_promo_display()
#14 D:\wordpress-6.2.2-vi\wordpress\wp-content\themes\website\functions.php(58): countdown_woocommerce_promo_display()
#15 D:\wordpress-6.2.2-vi\wordpress\wp-content\themes\website\functions.php(58): countdown_woocommerce_promo_display()
#16 D:\wordpress-6.2.2-vi\wordpress\wp-content\themes\website\functions.php(58): countdown_woocommerce_promo_display()
#17 D:\wordpress-6.2.2-vi\wordpress\wp-content\themes\website\functions.php(58): countdown_woocommerce_promo_display()
#18 D:\wordpress-6.2.2-vi\wordpress\wp-content\themes\website\functions.php(58): countdown_woocommerce_promo_display()
#19 D:\wordpress-6.2.2-vi\wordpress\wp-content\themes\website\functions.php(58): countdown_woocommerce_promo_display()
#20 D:\wordpress-6.2.2-vi\wordpress\wp-content\themes\website\functions.php(58): countdown_woocommerce_promo_display()
#21 D:\wordpress-6.2.2-vi\wordpress\wp-content\themes\website\functions.php(58): countdown_woocommerce_promo_display()
#22 D:\wordpress-6.2.2-vi\wordpress\wp-content\themes\website\functions.php(58): countdown_woocommerce_promo_display()
#23 D:\wordpress-6.2.2-vi\wordpress\wp-content\themes\website\functions.php(58): countdown_woocommerce_promo_display()
#24 D:\wordpress-6.2.2-vi\wordpress\wp-content\themes\website\functions.php(58): countdown_woocommerce_promo_display()
#25 D:\wordpress-6.2.2-vi\wordpress\wp-content\themes\website\functions.php(58): countdown_woocommerce_promo_display()
#26 D:\wordpress-6.2.2-vi\wordpress\wp-content\themes\website\functions.php(58): countdown_woocommerce_promo_display()
#27 D:\wordpress-6.2.2-vi\wordpress\wp-content\themes\website\functions.php(58): countdown_woocommerce_promo_display()
#28 D:\wordpress-6.2.2-vi\wordpress\wp-content\themes\website\functions.php(58): countdown_woocommerce_promo_display()
#29 D:\wordpress-6.2.2-vi\wordpress\wp-content\themes\website\functions.php(58): countdown_woocommerce_promo_display()
#30 D:\wordpress-6.2.2-vi\wordpress\wp-content\themes\website\functions.php(58): countdown_woocommerce_promo_display()
#31 D:\wordpress-6.2.2-vi\wordpress\wp-content\themes\website\functions.php(58): countdown_woocommerce_promo_display()
#32 D:\wordpress-6.2.2-vi\wordpress\wp-content\themes\website\functions.php(58): countdown_woocommerce_promo_display()
#33 D:\wordpress-6.2.2-vi\wordpress\wp-content\themes\website\functions.php(58): countdown_woocommerce_promo_display()
#34 D:\wordpress-6.2.2-vi\wordpress\wp-content\themes\website\functions.php(58): countdown_woocommerce_promo_display()
#35 D:\wordpress-6.2.2-vi\wordpress\wp-content\themes\website\functions.php(58): countdown_woocommerce_promo_display()
#36 D:\wordpress-6.2.2-vi\wordpress\wp-content\themes\website\functions.php(58): countdown_woocommerce_promo_display()
#37 D:\wordpress-6.2.2-vi\wordpress\wp-content\themes\website\functions.php(58): countdown_woocommerce_promo_display()
#38 D:\wordpress-6.2.2-vi\wordpress\wp-content\themes\website\functions.php(58): countdown_woocommerce_promo_display()
#39 D:\wordpress-6.2.2-vi\wordpress\wp-content\themes\website\functions.php(58): countdown_woocommerce_promo_display()
#40 D:\wordpress-6.2.2-vi\wordpress\wp-content\themes\website\functions.php(58): countdown_woocommerce_promo_display()
#41 D:\wordpress-6.2.2-vi\wordpress\wp-content\themes\website\functions.php(58): countdown_woocommerce_promo_display()
#42 D:\wordpress-6.2.2-vi\wordpress\wp-content\themes\website\functions.php(58): countdown_woocommerce_promo_display()
#43 D:\wordpress-6.2.2-vi\wordpress\wp-content\themes\website\functions.php(58): countdown_woocommerce_promo_display()
#44 D:\wordpress-6.2.2-vi\wordpress\wp-content\themes\website\functions.php(58): countdown_woocommerce_promo_display()
#45 D:\wordpress-6.2.2-vi\wordpress\wp-content\themes\website\functions.php(58): countdown_woocommerce_promo_display()
#46 D:\wordpress-6.2.2-vi\wordpress\wp-content\themes\website\functions.php(58): countdown_woocommerce_promo_display()
#47 D:\wordpress-6.2.2-vi\wordpress\wp-content\themes\website\functions.php(58): countdown_woocommerce_promo_display()
#48 D:\wordpress-6.2.2-vi\wordpress\wp-content\themes\website\functions.php(58): countdown_woocommerce_promo_display()
#49 D:\wordpress-6.2.2-vi\wordpress\wp-content\themes\website\functions.php(58): countdown_woocommerce_promo_display()
#50 D:\wordpress-6.2.2-vi\wordpress\wp-content\themes\website\functions.php(58): countdown_woocommerce_promo_display()
#51 D:\wordpress-6.2.2-vi\wordpress\wp-content\themes\website\functions.php(58): countdown_woocommerce_promo_display()
#52 D:\wordpress-6.2.2-vi\wordpress\wp-content\themes\website\functions.php(58): countdown_woocommerce_promo_display()
#53 D:\wordpress-6.2.2-vi\wordpress\wp-content\themes\website\functions.php(58): countdown_woocommerce_promo_display()
#54 D:\wordpress-6.2.2-vi\wordpress\wp-content\themes\website\functions.php(58): countdown_woocommerce_promo_display()
#55 D:\wordpress-6.2.2-vi\wordpress\wp-content\themes\website\functions.php(58): countdown_woocommerce_promo_display()
#56 D:\wordpress-6.2.2-vi\wordpress\wp-content\themes\website\functions.php(58): countdown_woocommerce_promo_display()
#57 D:\wordpress-6.2.2-vi\wordpress\wp-content\themes\website\functions.php(58): countdown_woocommerce_promo_display()
#58 D:\wordpress-6.2.2-vi\wordpress\wp-content\themes\website\functions.php(58): countdown_woocommerce_promo_display()
#59 D:\wordpress-6.2.2-vi\wordpress\wp-content\themes\website\functions.php(58): countdown_woocommerce_promo_display()
#60 D:\wordpress-6.2.2-vi\wordpress\wp-content\themes\website\functions.php(58): countdown_woocommerce_promo_display()
#61 D:\wordpress-6.2.2-vi\wordpress\wp-content\themes\website\functions.php(58): countdown_woocommerce_promo_display()
#62 D:\wordpress-6.2.2-vi\wordpress\wp-content\themes\website\functions.php(58): countdown_woocommerce_promo_display()
#63 D:\wordpress-6.2.2-vi\wordpress\wp-content\themes\website\functions.php(58): countdown_woocommerce_promo_display()
#64 D:\wordpress-6.2.2-vi\wordpress\wp-content\themes\website\functions.php(58): countdown_woocommerce_promo_display()
#65 D:\wordpress-6.2.2-vi\wordpress\wp-content\themes\website\functions.php(58): countdown_woocommerce_promo_display()
#66 D:\wordpress-6.2.2-vi\wordpress\wp-content\themes\website\functions.php(58): countdown_woocommerce_promo_display()
#67 D:\wordpress-6.2.2-vi\wordpress\wp-content\themes\website\functions.php(58): countdown_woocommerce_promo_display()
#68 D:\wordpress-6.2.2-vi\wordpress\wp-content\themes\website\functions.php(58): countdown_woocommerce_promo_display()
#69 D:\wordpress-6.2.2-vi\wordpress\wp-content\themes\website\functions.php(58): countdown_woocommerce_promo_display()
#70 D:\wordpress-6.2.2-vi\wordpress\wp-content\themes\website\functions.php(58): countdown_woocommerce_promo_display()
#71 D:\wordpress-6.2.2-vi\wordpress\wp-content\themes\website\functions.php(58): countdown_woocommerce_promo_display()
#72 D:\wordpress-6.2.2-vi\wordpress\wp-content\themes\website\functions.php(58): countdown_woocommerce_promo_display()
#73 D:\wordpress-6.2.2-vi\wordpress\wp-content\themes\website\functions.php(58): countdown_woocommerce_promo_display()
#74 D:\wordpress-6.2.2-vi\wordpress\wp-content\themes\website\functions.php(58): countdown_woocommerce_promo_display()
#75 D:\wordpress-6.2.2-vi\wordpress\wp-content\themes\website\functions.php(58): countdown_woocommerce_promo_display()
#76 D:\wordpress-6.2.2-vi\wordpress\wp-content\themes\website\functions.php(58): countdown_woocommerce_promo_display()
#77 D:\wordpress-6.2.2-vi\wordpress\wp-content\themes\website\functions.php(58): countdown_woocommerce_promo_display()
#78 D:\wordpress-6.2.2-vi\wordpress\wp-content\themes\website\functions.php(58): countdown_woocommerce_promo_display()
#79 D:\wordpress-6.2.2-vi\wordpress\wp-content\themes\website\functions.php(58): countdown_woocommerce_promo_display()
#80 D:\wordpress-6.2.2-vi\wordpress\wp-content\themes\website\functions.php(58): countdown_woocommerce_promo_display()
#81 D:\wordpress-6.2.2-vi\wordpress\wp-content\themes\website\functions.php(58): countdown_woocommerce_promo_display()
#82 D:\wordpress-6.2.2-vi\wordpress\wp-content\themes\website\functions.php(58): countdown_woocommerce_promo_display()
#83 D:\wordpress-6.2.2-vi\wordpress\wp-content\themes\website\functions.php(58): countdown_woocommerce_promo_display()
#84 D:\wordpress-6.2.2-vi\wordpress\wp-content\themes\website\functions.php(58): countdown_woocommerce_promo_display()
#85 D:\wordpress-6.2.2-vi\wordpress\wp-content\themes\website\functions.php(58): countdown_woocommerce_promo_display()
#86 D:\wordpress-6.2.2-vi\wordpress\wp-content\themes\website\functions.php(58): countdown_woocommerce_promo_display()
#87 D:\wordpress-6.2.2-vi\wordpress\wp-content\themes\website\functions.php(58): countdown_woocommerce_promo_display()
#88 D:\wordpress-6.2.2-vi\wordpress\wp-content\themes\website\functions.php(58): countdown_woocommerce_promo_display()
#89 D:\wordpress-6.2.2-vi\wordpress\wp-content\themes\website\functions.php(58): countdown_woocommerce_promo_display()
#90 D:\wordpress-6.2.2-vi\wordpress\wp-content\themes\website\functions.php(58): countdown_woocommerce_promo_display()
#91 D:\wordpress-6.2.2-vi\wordpress\wp-content\themes\website\functions.php(58): countdown_woocommerce_promo_display()
#92 D:\wordpress-6.2.2-vi\wordpress\wp-content\themes\website\functions.php(58): countdown_woocommerce_promo_display()
#93 D:\wordpress-6.2.2-vi\wordpress\wp-content\themes\website\functions.php(58): countdown_woocommerce_promo_display()
#94 D:\wordpress-6.2.2-vi\wordpress\wp-content\themes\website\functions.php(58): countdown_woocommerce_promo_display()
#95 D:\wordpress-6.2.2-vi\wordpress\wp-content\themes\website\functions.php(58): countdown_woocommerce_promo_display()
#96 D:\wordpress-6.2.2-vi\wordpress\wp-content\themes\website\functions.php(58): countdown_woocommerce_promo_display()
#97 D:\wordpress-6.2.2-vi\wordpress\wp-content\themes\website\functions.php(58): countdown_woocommerce_promo_display()
#98 D:\wordpress-6.2.2-vi\wordpress\wp-content\themes\website\functions.php(58): countdown_woocommerce_promo_display()
#99 D:\wordpress-6.2.2-vi\wordpress\wp-content\themes\website\functions.php(58): countdown_woocommerce_promo_display()
#100 D:\wordpress-6.2.2-vi\wordpress\wp-content\themes\website\functions.php(58): countdown_woocommerce_promo_display()
#101 D:\wordpress-6.2.2-vi\wordpress\wp-content\themes\website\functions.php(58): countdown_woocommerce_promo_display()
#102 D:\wordpress-6.2.2-vi\wordpress\wp-content\themes\website\functions.php(58): countdown_woocommerce_promo_display()
#103 D:\wordpress-6.2.2-vi\wordpress\wp-content\themes\website\functions.php(58): countdown_woocommerce_promo_display()
#104 D:\wordpress-6.2.2-vi\wordpress\wp-content\themes\website\functions.php(58): countdown_woocommerce_promo_display()
#105 D:\wordpress-6.2.2-vi\wordpress\wp-content\themes\website\functions.php(58): countdown_woocommerce_promo_display()
#106 D:\wordpress-6.2.2-vi\wordpress\wp-content\themes\website\functions.php(58): countdown_woocommerce_promo_display()
#107 D:\wordpress-6.2.2-vi\wordpress\wp-content\themes\website\functions.php(58): countdown_woocommerce_promo_display()
#108 D:\wordpress-6.2.2-vi\wordpress\wp-content\themes\website\functions.php(58): countdown_woocommerce_promo_display()
#109 D:\wordpress-6.2.2-vi\wordpress\wp-content\themes\website\functions.php(58): countdown_woocommerce_promo_display()
#110 D:\wordpress-6.2.2-vi\wordpress\wp-content\themes\website\functions.php(58): countdown_woocommerce_promo_display()
#111 D:\wordpress-6.2.2-vi\wordpress\wp-content\themes\website\functions.php(58): countdown_woocommerce_promo_display()
#112 D:\wordpress-6.2.2-vi\wordpress\wp-content\themes\website\functions.php(58): countdown_woocommerce_promo_display()
#113 D:\wordpress-6.2.2-vi\wordpress\wp-content\themes\website\functions.php(58): countdown_woocommerce_promo_display()
#114 D:\wordpress-6.2.2-vi\wordpress\wp-content\themes\website\functions.php(58): countdown_woocommerce_promo_display()
#115 D:\wordpress-6.2.2-vi\wordpress\wp-content\themes\website\functions.php(58): countdown_woocommerce_promo_display()
#116 D:\wordpress-6.2.2-vi\wordpress\wp-content\themes\website\functions.php(58): countdown_woocommerce_promo_display()
#117 D:\wordpress-6.2.2-vi\wordpress\wp-content\themes\website\functions.php(58): countdown_woocommerce_promo_display()
#118 D:\wordpress-6.2.2-vi\wordpress\wp-content\themes\website\functions.php(58): countdown_woocommerce_promo_display()
#119 D:\wordpress-6.2.2-vi\wordpress\wp-content\themes\website\functions.php(58): countdown_woocommerce_promo_display()
#120 D:\wordpress-6.2.2-vi\wordpress\wp-content\themes\website\functions.php(58): countdown_woocommerce_promo_display()
#121 D:\wordpress-6.2.2-vi\wordpress\wp-content\themes\website\functions.php(58): countdown_woocommerce_promo_display()
#122 D:\wordpress-6.2.2-vi\wordpress\wp-content\themes\website\functions.php(58): countdown_woocommerce_promo_display()
#123 D:\wordpress-6.2.2-vi\wordpress\wp-content\themes\website\functions.php(58): countdown_woocommerce_promo_display()
#124 D:\wordpress-6.2.2-vi\wordpress\wp-content\themes\website\functions.php(58): countdown_woocommerce_promo_display()
#125 D:\wordpress-6.2.2-vi\wordpress\wp-content\themes\website\functions.php(58): countdown_woocommerce_promo_display()
#126 D:\wordpress-6.2.2-vi\wordpress\wp-content\themes\website\functions.php(58): countdown_woocommerce_promo_display()
#127 D:\wordpress-6.2.2-vi\wordpress\wp-content\themes\website\functions.php(58): countdown_woocommerce_promo_display()
#128 D:\wordpress-6.2.2-vi\wordpress\wp-content\themes\website\functions.php(58): countdown_woocommerce_promo_display()
#129 D:\wordpress-6.2.2-vi\wordpress\wp-content\themes\website\functions.php(58): countdown_woocommerce_promo_display()
#130 D:\wordpress-6.2.2-vi\wordpress\wp-content\themes\website\functions.php(58): countdown_woocommerce_promo_display()
#131 D:\wordpress-6.2.2-vi\wordpress\wp-content\themes\website\functions.php(58): countdown_woocommerce_promo_display()
#132 D:\wordpress-6.2.2-vi\wordpress\wp-content\themes\website\functions.php(58): countdown_woocommerce_promo_display()
#133 D:\wordpress-6.2.2-vi\wordpress\wp-content\themes\website\functions.php(58): countdown_woocommerce_promo_display()
#134 D:\wordpress-6.2.2-vi\wordpress\wp-content\themes\website\functions.php(58): countdown_woocommerce_promo_display()
#135 D:\wordpress-6.2.2-vi\wordpress\wp-content\themes\website\functions.php(58): countdown_woocommerce_promo_display()
#136 D:\wordpress-6.2.2-vi\wordpress\wp-content\themes\website\functions.php(58): countdown_woocommerce_promo_display()
#137 D:\wordpress-6.2.2-vi\wordpress\wp-content\themes\website\functions.php(58): countdown_woocommerce_promo_display()
#138 D:\wordpress-6.2.2-vi\wordpress\wp-content\themes\website\functions.php(58): countdown_woocommerce_promo_display()
#139 D:\wordpress-6.2.2-vi\wordpress\wp-content\themes\website\functions.php(58): countdown_woocommerce_promo_display()
#140 D:\wordpress-6.2.2-vi\wordpress\wp-content\themes\website\functions.php(58): countdown_woocommerce_promo_display()
#141 D:\wordpress-6.2.2-vi\wordpress\wp-content\themes\website\functions.php(58): countdown_woocommerce_promo_display()
#142 D:\wordpress-6.2.2-vi\wordpress\wp-content\themes\website\functions.php(58): countdown_woocommerce_promo_display()
#143 D:\wordpress-6.2.2-vi\wordpress\wp-content\themes\website\functions.php(58): countdown_woocommerce_promo_display()
#144 D:\wordpress-6.2.2-vi\wordpress\wp-content\themes\website\functions.php(58): countdown_woocommerce_promo_display()
#145 D:\wordpress-6.2.2-vi\wordpress\wp-content\themes\website\functions.php(58): countdown_woocommerce_promo_display()
#146 D:\wordpress-6.2.2-vi\wordpress\wp-content\themes\website\functions.php(58): countdown_woocommerce_promo_display()
#147 D:\wordpress-6.2.2-vi\wordpress\wp-content\themes\website\functions.php(58): countdown_woocommerce_promo_display()
#148 D:\wordpress-6.2.2-vi\wordpress\wp-content\themes\website\functions.php(58): countdown_woocommerce_promo_display()
#149 D:\wordpress-6.2.2-vi\wordpress\wp-content\themes\website\functions.php(58): countdown_woocommerce_promo_display()
#150 D:\wordpress-6.2.2-vi\wordpress\wp-content\themes\website\functions.php(58): countdown_woocommerce_promo_display()
#151 D:\wordpress-6.2.2-vi\wordpress\wp-content\themes\website\functions.php(58): countdown_woocommerce_promo_display()
#152 D:\wordpress-6.2.2-vi\wordpress\wp-content\themes\website\functions.php(58): countdown_woocommerce_promo_display()
#153 D:\wordpress-6.2.2-vi\wordpress\wp-content\themes\website\functions.php(58): countdown_woocommerce_promo_display()
#154 D:\wordpress-6.2.2-vi\wordpress\wp-content\themes\website\functions.php(58): countdown_woocommerce_promo_display()
#155 D:\wordpress-6.2.2-vi\wordpress\wp-content\themes\website\functions.php(58): countdown_woocommerce_promo_display()
#156 D:\wordpress-6.2.2-vi\wordpress\wp-content\themes\website\functions.php(58): countdown_woocommerce_promo_display()
#157 D:\wordpress-6.2.2-vi\wordpress\wp-content\themes\website\functions.php(58): countdown_woocommerce_promo_display()
#158 D:\wordpress-6.2.2-vi\wordpress\wp-content\themes\website\functions.php(58): countdown_woocommerce_promo_display()
#159 D:\wordpress-6.2.2-vi\wordpress\wp-content\themes\website\functions.php(58): countdown_woocommerce_promo_display()
#160 D:\wordpress-6.2.2-vi\wordpress\wp-content\themes\website\functions.php(58): countdown_woocommerce_promo_display()
#161 D:\wordpress-6.2.2-vi\wordpress\wp-content\themes\website\functions.php(58): countdown_woocommerce_promo_display()
#162 D:\wordpress-6.2.2-vi\wordpress\wp-content\themes\website\functions.php(58): countdown_woocommerce_promo_display()
#163 D:\wordpress-6.2.2-vi\wordpress\wp-content\themes\website\functions.php(58): countdown_woocommerce_promo_display()
#164 D:\wordpress-6.2.2-vi\wordpress\wp-content\themes\website\functions.php(58): countdown_woocommerce_promo_display()
#165 D:\wordpress-6.2.2-vi\wordpress\wp-content\themes\website\functions.php(58): countdown_woocommerce_promo_display()
#166 D:\wordpress-6.2.2-vi\wordpress\wp-content\themes\website\functions.php(58): countdown_woocommerce_promo_display()
#167 D:\wordpress-6.2.2-vi\wordpress\wp-content\themes\website\functions.php(58): countdown_woocommerce_promo_display()
#168 D:\wordpress-6.2.2-vi\wordpress\wp-content\themes\website\functions.php(58): countdown_woocommerce_promo_display()
#169 D:\wordpress-6.2.2-vi\wordpress\wp-content\themes\website\functions.php(58): countdown_woocommerce_promo_display()
#170 D:\wordpress-6.2.2-vi\wordpress\wp-content\themes\website\functions.php(58): countdown_woocommerce_promo_display()
#171 D:\wordpress-6.2.2-vi\wordpress\wp-content\themes\website\functions.php(58): countdown_woocommerce_promo_display()
#172 D:\wordpress-6.2.2-vi\wordpress\wp-content\themes\website\functions.php(58): countdown_woocommerce_promo_display()
#173 D:\wordpress-6.2.2-vi\wordpress\wp-content\themes\website\functions.php(58): countdown_woocommerce_promo_display()
#174 D:\wordpress-6.2.2-vi\wordpress\wp-content\themes\website\functions.php(58): countdown_woocommerce_promo_display()
#175 D:\wordpress-6.2.2-vi\wordpress\wp-content\themes\website\functions.php(58): countdown_woocommerce_promo_display()
#176 D:\wordpress-6.2.2-vi\wordpress\wp-content\themes\website\functions.php(58): countdown_woocommerce_promo_display()
#177 D:\wordpress-6.2.2-vi\wordpress\wp-content\themes\website\functions.php(58): countdown_woocommerce_promo_display()
#178 D:\wordpress-6.2.2-vi\wordpress\wp-content\themes\website\functions.php(58): countdown_woocommerce_promo_display()
#179 D:\wordpress-6.2.2-vi\wordpress\wp-content\themes\website\functions.php(58): countdown_woocommerce_promo_display()
#180 D:\wordpress-6.2.2-vi\wordpress\wp-content\themes\website\functions.php(58): countdown_woocommerce_promo_display()
#181 D:\wordpress-6.2.2-vi\wordpress\wp-content\themes\website\functions.php(58): countdown_woocommerce_promo_display()
#182 D:\wordpress-6.2.2-vi\wordpress\wp-content\themes\website\functions.php(58): countdown_woocommerce_promo_display()
#183 D:\wordpress-6.2.2-vi\wordpress\wp-content\themes\website\functions.php(58): countdown_woocommerce_promo_display()
#184 D:\wordpress-6.2.2-vi\wordpress\wp-content\themes\website\functions.php(58): countdown_woocommerce_promo_display()
#185 D:\wordpress-6.2.2-vi\wordpress\wp-content\themes\website\functions.php(58): countdown_woocommerce_promo_display()
#186 D:\wordpress-6.2.2-vi\wordpress\wp-content\themes\website\functions.php(58): countdown_woocommerce_promo_display()
#187 D:\wordpress-6.2.2-vi\wordpress\wp-content\themes\website\functions.php(58): countdown_woocommerce_promo_display()
#188 D:\wordpress-6.2.2-vi\wordpress\wp-content\themes\website\functions.php(58): countdown_woocommerce_promo_display()
#189 D:\wordpress-6.2.2-vi\wordpress\wp-content\themes\website\functions.php(58): countdown_woocommerce_promo_display()
#190 D:\wordpress-6.2.2-vi\wordpress\wp-content\themes\website\functions.php(58): countdown_woocommerce_promo_display()
#191 D:\wordpress-6.2.2-vi\wordpress\wp-content\themes\website\functions.php(58): countdown_woocommerce_promo_display()
#192 D:\wordpress-6.2.2-vi\wordpress\wp-content\themes\website\functions.php(58): countdown_woocommerce_promo_display()
#193 D:\wordpress-6.2.2-vi\wordpress\wp-content\themes\website\functions.php(58): countdown_woocommerce_promo_display()
#194 D:\wordpress-6.2.2-vi\wordpress\wp-content\themes\website\functions.php(58): countdown_woocommerce_promo_display()
#195 D:\wordpress-6.2.2-vi\wordpress\wp-content\themes\website\functions.php(58): countdown_woocommerce_promo_display()
#196 D:\wordpress-6.2.2-vi\wordpress\wp-content\themes\website\functions.php(58): countdown_woocommerce_promo_display()
#197 D:\wordpress-6.2.2-vi\wordpress\wp-content\themes\website\functions.php(58): countdown_woocommerce_promo_display()
#198 D:\wordpress-6.2.2-vi\wordpress\wp-content\themes\website\functions.php(58): countdown_woocommerce_promo_display()
#199 D:\wordpress-6.2.2-vi\wordpress\wp-content\themes\website\functions.php(58): countdown_woocommerce_promo_display()
#200 D:\wordpress-6.2.2-vi\wordpress\wp-content\themes\website\functions.php(58): countdown_woocommerce_promo_display()
#201 D:\wordpress-6.2.2-vi\wordpress\wp-content\themes\website\functions.php(58): countdown_woocommerce_promo_display()
#202 D:\wordpress-6.2.2-vi\wordpress\wp-content\themes\website\functions.php(58): countdown_woocommerce_promo_display()
#203 D:\wordpress-6.2.2-vi\wordpress\wp-content\themes\website\functions.php(58): countdown_woocommerce_promo_display()
#204 D:\wordpress-6.2.2-vi\wordpress\wp-content\themes\website\functions.php(58): countdown_woocommerce_promo_display()
#205 D:\wordpress-6.2.2-vi\wordpress\wp-content\themes\website\functions.php(58): countdown_woocommerce_promo_display()
#206 D:\wordpress-6.2.2-vi\wordpress\wp-content\themes\website\functions.php(58): countdown_woocommerce_promo_display()
#207 D:\wordpress-6.2.2-vi\wordpress\wp-content\themes\website\functions.php(58): countdown_woocommerce_promo_display()
#208 D:\wordpress-6.2.2-vi\wordpress\wp-content\themes\website\functions.php(58): countdown_woocommerce_promo_display()
#209 D:\wordpress-6.2.2-vi\wordpress\wp-content\themes\website\functions.php(58): countdown_woocommerce_promo_display()
#210 D:\wordpress-6.2.2-vi\wordpress\wp-content\themes\website\functions.php(58): countdown_woocommerce_promo_display()
#211 D:\wordpress-6.2.2-vi\wordpress\wp-content\themes\website\functions.php(58): countdown_woocommerce_promo_display()
#212 D:\wordpress-6.2.2-vi\wordpress\wp-content\themes\website\functions.php(58): countdown_woocommerce_promo_display()
#213 D:\wordpress-6.2.2-vi\wordpress\wp-content\themes\website\functions.php(58): countdown_woocommerce_promo_display()
#214 D:\wordpress-6.2.2-vi\wordpress\wp-content\themes\website\functions.php(58): countdown_woocommerce_promo_display()
#215 D:\wordpress-6.2.2-vi\wordpress\wp-content\themes\website\functions.php(58): countdown_woocommerce_promo_display()
#216 D:\wordpress-6.2.2-vi\wordpress\wp-content\themes\website\functions.php(58): countdown_woocommerce_promo_display()
#217 D:\wordpress-6.2.2-vi\wordpress\wp-content\themes\website\functions.php(58): countdown_woocommerce_promo_display()
#218 D:\wordpress-6.2.2-vi\wordpress\wp-content\themes\website\functions.php(58): countdown_woocommerce_promo_display()
#219 D:\wordpress-6.2.2-vi\wordpress\wp-content\themes\website\functions.php(58): countdown_woocommerce_promo_display()
#220 D:\wordpress-6.2.2-vi\wordpress\wp-content\themes\website\functions.php(58): countdown_woocommerce_promo_display()
#221 D:\wordpress-6.2.2-vi\wordpress\wp-content\themes\website\functions.php(58): countdown_woocommerce_promo_display()
#222 D:\wordpress-6.2.2-vi\wordpress\wp-content\themes\website\functions.php(58): countdown_woocommerce_promo_display()
#223 D:\wordpress-6.2.2-vi\wordpress\wp-content\themes\website\functions.php(58): countdown_woocommerce_promo_display()
#224 D:\wordpress-6.2.2-vi\wordpress\wp-content\themes\website\functions.php(58): countdown_woocommerce_promo_display()
#225 D:\wordpress-6.2.2-vi\wordpress\wp-content\themes\website\functions.php(58): countdown_woocommerce_promo_display()
#226 D:\wordpress-6.2.2-vi\wordpress\wp-content\themes\website\functions.php(58): countdown_woocommerce_promo_display()
#227 D:\wordpress-6.2.2-vi\wordpress\wp-content\themes\website\functions.php(58): countdown_woocommerce_promo_display()
#228 D:\wordpress-6.2.2-vi\wordpress\wp-content\themes\website\functions.php(58): countdown_woocommerce_promo_display()
#229 D:\wordpress-6.2.2-vi\wordpress\wp-content\themes\website\functions.php(58): countdown_woocommerce_promo_display()
#230 D:\wordpress-6.2.2-vi\wordpress\wp-content\themes\website\functions.php(58): countdown_woocommerce_promo_display()
#231 D:\wordpress-6.2.2-vi\wordpress\wp-content\themes\website\functions.php(58): countdown_woocommerce_promo_display()
#232 D:\wordpress-6.2.2-vi\wordpress\wp-content\themes\website\functions.php(58): countdown_woocommerce_promo_display()
#233 D:\wordpress-6.2.2-vi\wordpress\wp-content\themes\website\functions.php(58): countdown_woocommerce_promo_display()
#234 D:\wordpress-6.2.2-vi\wordpress\wp-content\themes\website\functions.php(58): countdown_woocommerce_promo_display()
#235 D:\wordpress-6.2.2-vi\wordpress\wp-content\themes\website\functions.php(58): countdown_woocommerce_promo_display()
#236 D:\wordpress-6.2.2-vi\wordpress\wp-content\themes\website\functions.php(58): countdown_woocommerce_promo_display()
#237 D:\wordpress-6.2.2-vi\wordpress\wp-content\themes\website\functions.php(58): countdown_woocommerce_promo_display()
#238 D:\wordpress-6.2.2-vi\wordpress\wp-content\themes\website\functions.php(58): countdown_woocommerce_promo_display()
#239 D:\wordpress-6.2.2-vi\wordpress\wp-content\themes\website\functions.php(58): countdown_woocommerce_promo_display()
#240 D:\wordpress-6.2.2-vi\wordpress\wp-content\themes\website\functions.php(58): countdown_woocommerce_promo_display()
#241 D:\wordpress-6.2.2-vi\wordpress\wp-content\themes\website\functions.php(58): countdown_woocommerce_promo_display()
#242 D:\wordpress-6.2.2-vi\wordpress\wp-content\themes\website\functions.php(58): countdown_woocommerce_promo_display()
#243 D:\wordpress-6.2.2-vi\wordpress\wp-content\themes\website\woocommerce\content-product.php(32): countdown_woocommerce_promo_display()
#244 D:\wordpress-6.2.2-vi\wordpress\wp-includes\template.php(787): require('D:\\wordpress-6....')
#245 D:\wordpress-6.2.2-vi\wordpress\wp-content\plugins\woocommerce\includes\wc-core-functions.php(284): load_template('D:\\wordpress-6....', false)
#246 D:\wordpress-6.2.2-vi\wordpress\wp-content\plugins\woocommerce\includes\shortcodes\class-wc-shortcode-products.php(660): wc_get_template_part('content', 'product')
#247 D:\wordpress-6.2.2-vi\wordpress\wp-content\plugins\woocommerce\includes\shortcodes\class-wc-shortcode-products.php(100): WC_Shortcode_Products->product_loop()
#248 D:\wordpress-6.2.2-vi\wordpress\wp-content\plugins\woocommerce\includes\class-wc-template-loader.php(600): WC_Shortcode_Products->get_content()
#249 D:\wordpress-6.2.2-vi\wordpress\wp-includes\class-wp-hook.php(310): WC_Template_Loader::unsupported_theme_shop_content_filter('')
#250 D:\wordpress-6.2.2-vi\wordpress\wp-includes\plugin.php(205): WP_Hook->apply_filters('', Array)
#251 D:\wordpress-6.2.2-vi\wordpress\wp-includes\post-template.php(256): apply_filters('the_content', '')
#252 D:\wordpress-6.2.2-vi\wordpress\wp-content\themes\website\page.php(45): the_content()
#253 D:\wordpress-6.2.2-vi\wordpress\wp-includes\template-loader.php(106): include('D:\\wordpress-6....')
#254 D:\wordpress-6.2.2-vi\wordpress\wp-blog-header.php(19): require_once('D:\\wordpress-6....')
#255 D:\wordpress-6.2.2-vi\wordpress\index.php(17): require('D:\\wordpress-6....')
#256 {main}
  thrown in D:\wordpress-6.2.2-vi\wordpress\wp-content\themes\website\functions.php on line 58

2023-10-17T07:57:26+00:00 CRITICAL Cannot redeclare countdown_woocommerce_promo_display() (previously declared in D:\wordpress-6.2.2-vi\wordpress\wp-content\themes\website\functions.php:58) in D:\wordpress-6.2.2-vi\wordpress\wp-content\plugins\countdown-woocommerce-promo\countdown-woocommerce-promo.php on line 15

2023-10-17T07:57:28+00:00 CRITICAL Cannot redeclare countdown_woocommerce_promo_display() (previously declared in D:\wordpress-6.2.2-vi\wordpress\wp-content\themes\website\functions.php:58) in D:\wordpress-6.2.2-vi\wordpress\wp-content\plugins\countdown-woocommerce-promo\countdown-woocommerce-promo.php on line 15

2023-10-17T07:57:28+00:00 CRITICAL Cannot redeclare countdown_woocommerce_promo_display() (previously declared in D:\wordpress-6.2.2-vi\wordpress\wp-content\themes\website\functions.php:58) in D:\wordpress-6.2.2-vi\wordpress\wp-content\plugins\countdown-woocommerce-promo\countdown-woocommerce-promo.php on line 15

2023-10-17T07:58:58+00:00 CRITICAL Cannot redeclare countdown_woocommerce_promo_display() (previously declared in D:\wordpress-6.2.2-vi\wordpress\wp-content\plugins\countdown-woocommerce-promo\countdown-woocommerce-promo.php:17) in D:\wordpress-6.2.2-vi\wordpress\wp-content\themes\website\functions.php on line 54

2023-10-17T07:59:05+00:00 CRITICAL Cannot redeclare countdown_woocommerce_promo_display() (previously declared in D:\wordpress-6.2.2-vi\wordpress\wp-content\plugins\countdown-woocommerce-promo\countdown-woocommerce-promo.php:17) in D:\wordpress-6.2.2-vi\wordpress\wp-content\themes\website\functions.php on line 57

2023-10-17T08:14:18+00:00 CRITICAL Cannot redeclare my_sales_countdown_timer_menu() (previously declared in D:\wordpress-6.2.2-vi\wordpress\wp-content\themes\website\woocommerce\content-product.php:34) in D:\wordpress-6.2.2-vi\wordpress\wp-content\themes\website\woocommerce\content-product.php on line 34

2023-10-17T08:15:06+00:00 CRITICAL Cannot redeclare my_sales_countdown_timer_menu() (previously declared in D:\wordpress-6.2.2-vi\wordpress\wp-content\themes\website\woocommerce\content-product.php:34) in D:\wordpress-6.2.2-vi\wordpress\wp-content\themes\website\woocommerce\content-product.php on line 33

2023-10-17T08:15:19+00:00 CRITICAL Cannot redeclare my_sales_countdown_timer_menu() (previously declared in D:\wordpress-6.2.2-vi\wordpress\wp-content\themes\website\woocommerce\content-product.php:34) in D:\wordpress-6.2.2-vi\wordpress\wp-content\themes\website\woocommerce\content-product.php on line 34

2023-10-17T08:17:42+00:00 CRITICAL Uncaught Error: Call to a member function getTimestamp() on null in D:\wordpress-6.2.2-vi\wordpress\wp-content\themes\website\functions.php:66
Stack trace:
#0 D:\wordpress-6.2.2-vi\wordpress\wp-includes\class-wp-hook.php(310): my_sales_countdown_timer_display_in_loop('')
#1 D:\wordpress-6.2.2-vi\wordpress\wp-includes\class-wp-hook.php(334): WP_Hook->apply_filters(NULL, Array)
#2 D:\wordpress-6.2.2-vi\wordpress\wp-includes\plugin.php(517): WP_Hook->do_action(Array)
#3 D:\wordpress-6.2.2-vi\wordpress\wp-content\themes\website\woocommerce\content-product.php(73): do_action('woocommerce_aft...')
#4 D:\wordpress-6.2.2-vi\wordpress\wp-includes\template.php(787): require('D:\\wordpress-6....')
#5 D:\wordpress-6.2.2-vi\wordpress\wp-content\plugins\woocommerce\includes\wc-core-functions.php(284): load_template('D:\\wordpress-6....', false)
#6 D:\wordpress-6.2.2-vi\wordpress\wp-content\plugins\woocommerce\includes\shortcodes\class-wc-shortcode-products.php(660): wc_get_template_part('content', 'product')
#7 D:\wordpress-6.2.2-vi\wordpress\wp-content\plugins\woocommerce\includes\shortcodes\class-wc-shortcode-products.php(100): WC_Shortcode_Products->product_loop()
#8 D:\wordpress-6.2.2-vi\wordpress\wp-content\plugins\woocommerce\includes\class-wc-template-loader.php(600): WC_Shortcode_Products->get_content()
#9 D:\wordpress-6.2.2-vi\wordpress\wp-includes\class-wp-hook.php(310): WC_Template_Loader::unsupported_theme_shop_content_filter('')
#10 D:\wordpress-6.2.2-vi\wordpress\wp-includes\plugin.php(205): WP_Hook->apply_filters('', Array)
#11 D:\wordpress-6.2.2-vi\wordpress\wp-includes\post-template.php(256): apply_filters('the_content', '')
#12 D:\wordpress-6.2.2-vi\wordpress\wp-content\themes\website\page.php(45): the_content()
#13 D:\wordpress-6.2.2-vi\wordpress\wp-includes\template-loader.php(106): include('D:\\wordpress-6....')
#14 D:\wordpress-6.2.2-vi\wordpress\wp-blog-header.php(19): require_once('D:\\wordpress-6....')
#15 D:\wordpress-6.2.2-vi\wordpress\index.php(17): require('D:\\wordpress-6....')
#16 {main}
  thrown in D:\wordpress-6.2.2-vi\wordpress\wp-content\themes\website\functions.php on line 66

2023-10-17T08:23:25+00:00 CRITICAL Cannot redeclare my_sales_countdown_timer_menu() (previously declared in D:\wordpress-6.2.2-vi\wordpress\wp-content\themes\website\woocommerce\content-product.php:35) in D:\wordpress-6.2.2-vi\wordpress\wp-content\themes\website\woocommerce\content-product.php on line 34

2023-10-17T08:24:00+00:00 CRITICAL Cannot redeclare my_sales_countdown_timer_menu() (previously declared in D:\wordpress-6.2.2-vi\wordpress\wp-content\themes\website\woocommerce\content-product.php:35) in D:\wordpress-6.2.2-vi\wordpress\wp-content\themes\website\woocommerce\content-product.php on line 35

2023-10-17T08:24:18+00:00 CRITICAL Uncaught Error: Call to a member function getTimestamp() on null in D:\wordpress-6.2.2-vi\wordpress\wp-content\themes\website\functions.php:66
Stack trace:
#0 D:\wordpress-6.2.2-vi\wordpress\wp-includes\class-wp-hook.php(310): my_sales_countdown_timer_display_in_loop('')
#1 D:\wordpress-6.2.2-vi\wordpress\wp-includes\class-wp-hook.php(334): WP_Hook->apply_filters(NULL, Array)
#2 D:\wordpress-6.2.2-vi\wordpress\wp-includes\plugin.php(517): WP_Hook->do_action(Array)
#3 D:\wordpress-6.2.2-vi\wordpress\wp-content\themes\website\woocommerce\content-product.php(72): do_action('woocommerce_aft...')
#4 D:\wordpress-6.2.2-vi\wordpress\wp-includes\template.php(787): require('D:\\wordpress-6....')
#5 D:\wordpress-6.2.2-vi\wordpress\wp-content\plugins\woocommerce\includes\wc-core-functions.php(284): load_template('D:\\wordpress-6....', false)
#6 D:\wordpress-6.2.2-vi\wordpress\wp-content\plugins\woocommerce\includes\shortcodes\class-wc-shortcode-products.php(660): wc_get_template_part('content', 'product')
#7 D:\wordpress-6.2.2-vi\wordpress\wp-content\plugins\woocommerce\includes\shortcodes\class-wc-shortcode-products.php(100): WC_Shortcode_Products->product_loop()
#8 D:\wordpress-6.2.2-vi\wordpress\wp-content\plugins\woocommerce\includes\class-wc-template-loader.php(600): WC_Shortcode_Products->get_content()
#9 D:\wordpress-6.2.2-vi\wordpress\wp-includes\class-wp-hook.php(310): WC_Template_Loader::unsupported_theme_shop_content_filter('')
#10 D:\wordpress-6.2.2-vi\wordpress\wp-includes\plugin.php(205): WP_Hook->apply_filters('', Array)
#11 D:\wordpress-6.2.2-vi\wordpress\wp-includes\post-template.php(256): apply_filters('the_content', '')
#12 D:\wordpress-6.2.2-vi\wordpress\wp-content\themes\website\page.php(45): the_content()
#13 D:\wordpress-6.2.2-vi\wordpress\wp-includes\template-loader.php(106): include('D:\\wordpress-6....')
#14 D:\wordpress-6.2.2-vi\wordpress\wp-blog-header.php(19): require_once('D:\\wordpress-6....')
#15 D:\wordpress-6.2.2-vi\wordpress\index.php(17): require('D:\\wordpress-6....')
#16 {main}
  thrown in D:\wordpress-6.2.2-vi\wordpress\wp-content\themes\website\functions.php on line 66

2023-10-17T08:24:56+00:00 CRITICAL Cannot redeclare my_sales_countdown_timer_menu() (previously declared in D:\wordpress-6.2.2-vi\wordpress\wp-content\themes\website\woocommerce\content-product.php:34) in D:\wordpress-6.2.2-vi\wordpress\wp-content\themes\website\woocommerce\content-product.php on line 34

2023-10-17T08:25:01+00:00 CRITICAL Cannot redeclare my_sales_countdown_timer_menu() (previously declared in D:\wordpress-6.2.2-vi\wordpress\wp-content\themes\website\woocommerce\content-product.php:34) in D:\wordpress-6.2.2-vi\wordpress\wp-content\themes\website\woocommerce\content-product.php on line 34

2023-10-17T08:27:03+00:00 CRITICAL Uncaught Error: Call to a member function getTimestamp() on null in D:\wordpress-6.2.2-vi\wordpress\wp-content\themes\website\functions.php:69
Stack trace:
#0 D:\wordpress-6.2.2-vi\wordpress\wp-includes\class-wp-hook.php(310): my_sales_countdown_timer_display_in_loop('')
#1 D:\wordpress-6.2.2-vi\wordpress\wp-includes\class-wp-hook.php(334): WP_Hook->apply_filters(NULL, Array)
#2 D:\wordpress-6.2.2-vi\wordpress\wp-includes\plugin.php(517): WP_Hook->do_action(Array)
#3 D:\wordpress-6.2.2-vi\wordpress\wp-content\themes\website\woocommerce\content-product.php(72): do_action('woocommerce_aft...')
#4 D:\wordpress-6.2.2-vi\wordpress\wp-includes\template.php(787): require('D:\\wordpress-6....')
#5 D:\wordpress-6.2.2-vi\wordpress\wp-content\plugins\woocommerce\includes\wc-core-functions.php(284): load_template('D:\\wordpress-6....', false)
#6 D:\wordpress-6.2.2-vi\wordpress\wp-content\plugins\woocommerce\includes\shortcodes\class-wc-shortcode-products.php(660): wc_get_template_part('content', 'product')
#7 D:\wordpress-6.2.2-vi\wordpress\wp-content\plugins\woocommerce\includes\shortcodes\class-wc-shortcode-products.php(100): WC_Shortcode_Products->product_loop()
#8 D:\wordpress-6.2.2-vi\wordpress\wp-content\plugins\woocommerce\includes\class-wc-template-loader.php(600): WC_Shortcode_Products->get_content()
#9 D:\wordpress-6.2.2-vi\wordpress\wp-includes\class-wp-hook.php(310): WC_Template_Loader::unsupported_theme_shop_content_filter('')
#10 D:\wordpress-6.2.2-vi\wordpress\wp-includes\plugin.php(205): WP_Hook->apply_filters('', Array)
#11 D:\wordpress-6.2.2-vi\wordpress\wp-includes\post-template.php(256): apply_filters('the_content', '')
#12 D:\wordpress-6.2.2-vi\wordpress\wp-content\themes\website\page.php(45): the_content()
#13 D:\wordpress-6.2.2-vi\wordpress\wp-includes\template-loader.php(106): include('D:\\wordpress-6....')
#14 D:\wordpress-6.2.2-vi\wordpress\wp-blog-header.php(19): require_once('D:\\wordpress-6....')
#15 D:\wordpress-6.2.2-vi\wordpress\index.php(17): require('D:\\wordpress-6....')
#16 {main}
  thrown in D:\wordpress-6.2.2-vi\wordpress\wp-content\themes\website\functions.php on line 69

2023-10-17T08:30:26+00:00 CRITICAL Uncaught TypeError: call_user_func_array(): Argument #1 ($callback) must be a valid callback, function "countdown_woocommerce_promo_activate_plugin" not found or invalid function name in D:\wordpress-6.2.2-vi\wordpress\wp-includes\class-wp-hook.php:310
Stack trace:
#0 D:\wordpress-6.2.2-vi\wordpress\wp-includes\class-wp-hook.php(334): WP_Hook->apply_filters(NULL, Array)
#1 D:\wordpress-6.2.2-vi\wordpress\wp-includes\plugin.php(517): WP_Hook->do_action(Array)
#2 D:\wordpress-6.2.2-vi\wordpress\wp-settings.php(610): do_action('after_setup_the...')
#3 D:\wordpress-6.2.2-vi\wordpress\wp-config.php(96): require_once('D:\\wordpress-6....')
#4 D:\wordpress-6.2.2-vi\wordpress\wp-load.php(50): require_once('D:\\wordpress-6....')
#5 D:\wordpress-6.2.2-vi\wordpress\wp-blog-header.php(13): require_once('D:\\wordpress-6....')
#6 D:\wordpress-6.2.2-vi\wordpress\index.php(17): require('D:\\wordpress-6....')
#7 {main}
  thrown in D:\wordpress-6.2.2-vi\wordpress\wp-includes\class-wp-hook.php on line 310

2023-10-17T08:36:45+00:00 CRITICAL Uncaught Error: Call to undefined function sales_countdown_timer_display() in D:\wordpress-6.2.2-vi\wordpress\wp-content\themes\website\woocommerce\content-product.php:31
Stack trace:
#0 D:\wordpress-6.2.2-vi\wordpress\wp-includes\template.php(787): require()
#1 D:\wordpress-6.2.2-vi\wordpress\wp-content\plugins\woocommerce\includes\wc-core-functions.php(284): load_template('D:\\wordpress-6....', false)
#2 D:\wordpress-6.2.2-vi\wordpress\wp-content\plugins\woocommerce\includes\shortcodes\class-wc-shortcode-products.php(660): wc_get_template_part('content', 'product')
#3 D:\wordpress-6.2.2-vi\wordpress\wp-content\plugins\woocommerce\includes\shortcodes\class-wc-shortcode-products.php(100): WC_Shortcode_Products->product_loop()
#4 D:\wordpress-6.2.2-vi\wordpress\wp-content\plugins\woocommerce\includes\class-wc-template-loader.php(600): WC_Shortcode_Products->get_content()
#5 D:\wordpress-6.2.2-vi\wordpress\wp-includes\class-wp-hook.php(310): WC_Template_Loader::unsupported_theme_shop_content_filter('')
#6 D:\wordpress-6.2.2-vi\wordpress\wp-includes\plugin.php(205): WP_Hook->apply_filters('', Array)
#7 D:\wordpress-6.2.2-vi\wordpress\wp-includes\post-template.php(256): apply_filters('the_content', '')
#8 D:\wordpress-6.2.2-vi\wordpress\wp-content\themes\website\page.php(45): the_content()
#9 D:\wordpress-6.2.2-vi\wordpress\wp-includes\template-loader.php(106): include('D:\\wordpress-6....')
#10 D:\wordpress-6.2.2-vi\wordpress\wp-blog-header.php(19): require_once('D:\\wordpress-6....')
#11 D:\wordpress-6.2.2-vi\wordpress\index.php(17): require('D:\\wordpress-6....')
#12 {main}
  thrown in D:\wordpress-6.2.2-vi\wordpress\wp-content\themes\website\woocommerce\content-product.php on line 31

2023-10-17T08:36:56+00:00 CRITICAL Uncaught Error: Call to undefined function sales_countdown_timer_display() in D:\wordpress-6.2.2-vi\wordpress\wp-content\themes\website\woocommerce\content-product.php:31
Stack trace:
#0 D:\wordpress-6.2.2-vi\wordpress\wp-includes\template.php(787): require()
#1 D:\wordpress-6.2.2-vi\wordpress\wp-content\plugins\woocommerce\includes\wc-core-functions.php(284): load_template('D:\\wordpress-6....', false)
#2 D:\wordpress-6.2.2-vi\wordpress\wp-content\plugins\woocommerce\includes\shortcodes\class-wc-shortcode-products.php(660): wc_get_template_part('content', 'product')
#3 D:\wordpress-6.2.2-vi\wordpress\wp-content\plugins\woocommerce\includes\shortcodes\class-wc-shortcode-products.php(100): WC_Shortcode_Products->product_loop()
#4 D:\wordpress-6.2.2-vi\wordpress\wp-content\plugins\woocommerce\includes\class-wc-template-loader.php(600): WC_Shortcode_Products->get_content()
#5 D:\wordpress-6.2.2-vi\wordpress\wp-includes\class-wp-hook.php(310): WC_Template_Loader::unsupported_theme_shop_content_filter('')
#6 D:\wordpress-6.2.2-vi\wordpress\wp-includes\plugin.php(205): WP_Hook->apply_filters('', Array)
#7 D:\wordpress-6.2.2-vi\wordpress\wp-includes\post-template.php(256): apply_filters('the_content', '')
#8 D:\wordpress-6.2.2-vi\wordpress\wp-content\themes\website\page.php(45): the_content()
#9 D:\wordpress-6.2.2-vi\wordpress\wp-includes\template-loader.php(106): include('D:\\wordpress-6....')
#10 D:\wordpress-6.2.2-vi\wordpress\wp-blog-header.php(19): require_once('D:\\wordpress-6....')
#11 D:\wordpress-6.2.2-vi\wordpress\index.php(17): require('D:\\wordpress-6....')
#12 {main}
  thrown in D:\wordpress-6.2.2-vi\wordpress\wp-content\themes\website\woocommerce\content-product.php on line 31

2023-10-17T08:37:14+00:00 CRITICAL Uncaught Error: Call to undefined function sales_countdown_timer_display() in D:\wordpress-6.2.2-vi\wordpress\wp-content\themes\website\woocommerce\content-product.php:31
Stack trace:
#0 D:\wordpress-6.2.2-vi\wordpress\wp-includes\template.php(787): require()
#1 D:\wordpress-6.2.2-vi\wordpress\wp-content\plugins\woocommerce\includes\wc-core-functions.php(284): load_template('D:\\wordpress-6....', false)
#2 D:\wordpress-6.2.2-vi\wordpress\wp-content\plugins\woocommerce\includes\shortcodes\class-wc-shortcode-products.php(660): wc_get_template_part('content', 'product')
#3 D:\wordpress-6.2.2-vi\wordpress\wp-content\plugins\woocommerce\includes\shortcodes\class-wc-shortcode-products.php(100): WC_Shortcode_Products->product_loop()
#4 D:\wordpress-6.2.2-vi\wordpress\wp-content\plugins\woocommerce\includes\class-wc-template-loader.php(600): WC_Shortcode_Products->get_content()
#5 D:\wordpress-6.2.2-vi\wordpress\wp-includes\class-wp-hook.php(310): WC_Template_Loader::unsupported_theme_shop_content_filter('')
#6 D:\wordpress-6.2.2-vi\wordpress\wp-includes\plugin.php(205): WP_Hook->apply_filters('', Array)
#7 D:\wordpress-6.2.2-vi\wordpress\wp-includes\post-template.php(256): apply_filters('the_content', '')
#8 D:\wordpress-6.2.2-vi\wordpress\wp-content\themes\website\page.php(45): the_content()
#9 D:\wordpress-6.2.2-vi\wordpress\wp-includes\template-loader.php(106): include('D:\\wordpress-6....')
#10 D:\wordpress-6.2.2-vi\wordpress\wp-blog-header.php(19): require_once('D:\\wordpress-6....')
#11 D:\wordpress-6.2.2-vi\wordpress\index.php(17): require('D:\\wordpress-6....')
#12 {main}
  thrown in D:\wordpress-6.2.2-vi\wordpress\wp-content\themes\website\woocommerce\content-product.php on line 31

2023-10-17T08:37:19+00:00 CRITICAL Uncaught Error: Call to undefined function sales_countdown_timer_display() in D:\wordpress-6.2.2-vi\wordpress\wp-content\themes\website\woocommerce\content-product.php:31
Stack trace:
#0 D:\wordpress-6.2.2-vi\wordpress\wp-includes\template.php(787): require()
#1 D:\wordpress-6.2.2-vi\wordpress\wp-content\plugins\woocommerce\includes\wc-core-functions.php(284): load_template('D:\\wordpress-6....', false)
#2 D:\wordpress-6.2.2-vi\wordpress\wp-content\plugins\woocommerce\includes\shortcodes\class-wc-shortcode-products.php(660): wc_get_template_part('content', 'product')
#3 D:\wordpress-6.2.2-vi\wordpress\wp-content\plugins\woocommerce\includes\shortcodes\class-wc-shortcode-products.php(100): WC_Shortcode_Products->product_loop()
#4 D:\wordpress-6.2.2-vi\wordpress\wp-content\plugins\woocommerce\includes\class-wc-template-loader.php(600): WC_Shortcode_Products->get_content()
#5 D:\wordpress-6.2.2-vi\wordpress\wp-includes\class-wp-hook.php(310): WC_Template_Loader::unsupported_theme_shop_content_filter('')
#6 D:\wordpress-6.2.2-vi\wordpress\wp-includes\plugin.php(205): WP_Hook->apply_filters('', Array)
#7 D:\wordpress-6.2.2-vi\wordpress\wp-includes\post-template.php(256): apply_filters('the_content', '')
#8 D:\wordpress-6.2.2-vi\wordpress\wp-content\themes\website\page.php(45): the_content()
#9 D:\wordpress-6.2.2-vi\wordpress\wp-includes\template-loader.php(106): include('D:\\wordpress-6....')
#10 D:\wordpress-6.2.2-vi\wordpress\wp-blog-header.php(19): require_once('D:\\wordpress-6....')
#11 D:\wordpress-6.2.2-vi\wordpress\index.php(17): require('D:\\wordpress-6....')
#12 {main}
  thrown in D:\wordpress-6.2.2-vi\wordpress\wp-content\themes\website\woocommerce\content-product.php on line 31

2023-10-17T08:37:27+00:00 CRITICAL Uncaught TypeError: call_user_func_array(): Argument #1 ($callback) must be a valid callback, function "countdown_woocommerce_promo_activate_plugin" not found or invalid function name in D:\wordpress-6.2.2-vi\wordpress\wp-includes\class-wp-hook.php:310
Stack trace:
#0 D:\wordpress-6.2.2-vi\wordpress\wp-includes\class-wp-hook.php(334): WP_Hook->apply_filters(NULL, Array)
#1 D:\wordpress-6.2.2-vi\wordpress\wp-includes\plugin.php(517): WP_Hook->do_action(Array)
#2 D:\wordpress-6.2.2-vi\wordpress\wp-settings.php(610): do_action('after_setup_the...')
#3 D:\wordpress-6.2.2-vi\wordpress\wp-config.php(96): require_once('D:\\wordpress-6....')
#4 D:\wordpress-6.2.2-vi\wordpress\wp-load.php(50): require_once('D:\\wordpress-6....')
#5 D:\wordpress-6.2.2-vi\wordpress\wp-blog-header.php(13): require_once('D:\\wordpress-6....')
#6 D:\wordpress-6.2.2-vi\wordpress\index.php(17): require('D:\\wordpress-6....')
#7 {main}
  thrown in D:\wordpress-6.2.2-vi\wordpress\wp-includes\class-wp-hook.php on line 310

2023-10-17T08:37:45+00:00 CRITICAL Uncaught Error: Call to undefined function sales_countdown_timer_display() in D:\wordpress-6.2.2-vi\wordpress\wp-content\themes\website\woocommerce\content-product.php:31
Stack trace:
#0 D:\wordpress-6.2.2-vi\wordpress\wp-includes\template.php(787): require()
#1 D:\wordpress-6.2.2-vi\wordpress\wp-content\plugins\woocommerce\includes\wc-core-functions.php(284): load_template('D:\\wordpress-6....', false)
#2 D:\wordpress-6.2.2-vi\wordpress\wp-content\plugins\woocommerce\includes\shortcodes\class-wc-shortcode-products.php(660): wc_get_template_part('content', 'product')
#3 D:\wordpress-6.2.2-vi\wordpress\wp-content\plugins\woocommerce\includes\shortcodes\class-wc-shortcode-products.php(100): WC_Shortcode_Products->product_loop()
#4 D:\wordpress-6.2.2-vi\wordpress\wp-content\plugins\woocommerce\includes\class-wc-template-loader.php(600): WC_Shortcode_Products->get_content()
#5 D:\wordpress-6.2.2-vi\wordpress\wp-includes\class-wp-hook.php(310): WC_Template_Loader::unsupported_theme_shop_content_filter('')
#6 D:\wordpress-6.2.2-vi\wordpress\wp-includes\plugin.php(205): WP_Hook->apply_filters('', Array)
#7 D:\wordpress-6.2.2-vi\wordpress\wp-includes\post-template.php(256): apply_filters('the_content', '')
#8 D:\wordpress-6.2.2-vi\wordpress\wp-content\themes\website\page.php(45): the_content()
#9 D:\wordpress-6.2.2-vi\wordpress\wp-includes\template-loader.php(106): include('D:\\wordpress-6....')
#10 D:\wordpress-6.2.2-vi\wordpress\wp-blog-header.php(19): require_once('D:\\wordpress-6....')
#11 D:\wordpress-6.2.2-vi\wordpress\index.php(17): require('D:\\wordpress-6....')
#12 {main}
  thrown in D:\wordpress-6.2.2-vi\wordpress\wp-content\themes\website\woocommerce\content-product.php on line 31

2023-10-17T08:44:24+00:00 CRITICAL Uncaught TypeError: call_user_func_array(): Argument #1 ($callback) must be a valid callback, function "countdown_timer_display_loop" not found or invalid function name in D:\wordpress-6.2.2-vi\wordpress\wp-includes\class-wp-hook.php:310
Stack trace:
#0 D:\wordpress-6.2.2-vi\wordpress\wp-includes\class-wp-hook.php(334): WP_Hook->apply_filters(NULL, Array)
#1 D:\wordpress-6.2.2-vi\wordpress\wp-includes\plugin.php(517): WP_Hook->do_action(Array)
#2 D:\wordpress-6.2.2-vi\wordpress\wp-content\plugins\woocommerce\templates\content-product.php(65): do_action('woocommerce_aft...')
#3 D:\wordpress-6.2.2-vi\wordpress\wp-includes\template.php(787): require('D:\\wordpress-6....')
#4 D:\wordpress-6.2.2-vi\wordpress\wp-content\plugins\woocommerce\includes\wc-core-functions.php(284): load_template('D:\\wordpress-6....', false)
#5 D:\wordpress-6.2.2-vi\wordpress\wp-content\plugins\woocommerce\includes\shortcodes\class-wc-shortcode-products.php(660): wc_get_template_part('content', 'product')
#6 D:\wordpress-6.2.2-vi\wordpress\wp-content\plugins\woocommerce\includes\shortcodes\class-wc-shortcode-products.php(100): WC_Shortcode_Products->product_loop()
#7 D:\wordpress-6.2.2-vi\wordpress\wp-content\plugins\woocommerce\includes\class-wc-template-loader.php(600): WC_Shortcode_Products->get_content()
#8 D:\wordpress-6.2.2-vi\wordpress\wp-includes\class-wp-hook.php(310): WC_Template_Loader::unsupported_theme_shop_content_filter('')
#9 D:\wordpress-6.2.2-vi\wordpress\wp-includes\plugin.php(205): WP_Hook->apply_filters('', Array)
#10 D:\wordpress-6.2.2-vi\wordpress\wp-includes\post-template.php(256): apply_filters('the_content', '')
#11 D:\wordpress-6.2.2-vi\wordpress\wp-content\themes\website\page.php(45): the_content()
#12 D:\wordpress-6.2.2-vi\wordpress\wp-includes\template-loader.php(106): include('D:\\wordpress-6....')
#13 D:\wordpress-6.2.2-vi\wordpress\wp-blog-header.php(19): require_once('D:\\wordpress-6....')
#14 D:\wordpress-6.2.2-vi\wordpress\index.php(17): require('D:\\wordpress-6....')
#15 {main}
  thrown in D:\wordpress-6.2.2-vi\wordpress\wp-includes\class-wp-hook.php on line 310

2023-10-17T09:00:06+00:00 CRITICAL Uncaught Error: Call to a member function get_id() on null in D:\wordpress-6.2.2-vi\wordpress\wp-content\themes\website\functions.php:61
Stack trace:
#0 D:\wordpress-6.2.2-vi\wordpress\wp-content\themes\website\header.php(9): countdown_timer_display_loop()
#1 D:\wordpress-6.2.2-vi\wordpress\wp-includes\template.php(785): require_once('D:\\wordpress-6....')
#2 D:\wordpress-6.2.2-vi\wordpress\wp-includes\template.php(720): load_template('D:\\wordpress-6....', true, Array)
#3 D:\wordpress-6.2.2-vi\wordpress\wp-includes\general-template.php(48): locate_template(Array, true, true, Array)
#4 D:\wordpress-6.2.2-vi\wordpress\wp-content\themes\website\front-page.php(1): get_header()
#5 D:\wordpress-6.2.2-vi\wordpress\wp-includes\template-loader.php(106): include('D:\\wordpress-6....')
#6 D:\wordpress-6.2.2-vi\wordpress\wp-blog-header.php(19): require_once('D:\\wordpress-6....')
#7 D:\wordpress-6.2.2-vi\wordpress\index.php(17): require('D:\\wordpress-6....')
#8 {main}
  thrown in D:\wordpress-6.2.2-vi\wordpress\wp-content\themes\website\functions.php on line 61

2023-10-17T09:01:02+00:00 CRITICAL Uncaught Error: Call to a member function get_id() on null in D:\wordpress-6.2.2-vi\wordpress\wp-content\themes\website\functions.php:61
Stack trace:
#0 D:\wordpress-6.2.2-vi\wordpress\wp-content\themes\website\home.php(14): countdown_timer_display_loop()
#1 D:\wordpress-6.2.2-vi\wordpress\wp-includes\template-loader.php(106): include('D:\\wordpress-6....')
#2 D:\wordpress-6.2.2-vi\wordpress\wp-blog-header.php(19): require_once('D:\\wordpress-6....')
#3 D:\wordpress-6.2.2-vi\wordpress\index.php(17): require('D:\\wordpress-6....')
#4 {main}
  thrown in D:\wordpress-6.2.2-vi\wordpress\wp-content\themes\website\functions.php on line 61

2023-10-17T09:23:40+00:00 CRITICAL syntax error, unexpected token "global", expecting "," or ";" in D:\wordpress-6.2.2-vi\wordpress\wp-content\themes\website\woocommerce\content-product.php on line 32

2023-10-17T09:35:33+00:00 CRITICAL Uncaught Error: Call to undefined function countdown_timer_function_on_product_archive() in D:\wordpress-6.2.2-vi\wordpress\wp-content\themes\website\woocommerce\content-product.php:33
Stack trace:
#0 D:\wordpress-6.2.2-vi\wordpress\wp-includes\template.php(787): require()
#1 D:\wordpress-6.2.2-vi\wordpress\wp-content\plugins\woocommerce\includes\wc-core-functions.php(284): load_template('D:\\wordpress-6....', false)
#2 D:\wordpress-6.2.2-vi\wordpress\wp-content\plugins\woocommerce\includes\shortcodes\class-wc-shortcode-products.php(660): wc_get_template_part('content', 'product')
#3 D:\wordpress-6.2.2-vi\wordpress\wp-content\plugins\woocommerce\includes\shortcodes\class-wc-shortcode-products.php(100): WC_Shortcode_Products->product_loop()
#4 D:\wordpress-6.2.2-vi\wordpress\wp-content\plugins\woocommerce\includes\class-wc-template-loader.php(600): WC_Shortcode_Products->get_content()
#5 D:\wordpress-6.2.2-vi\wordpress\wp-includes\class-wp-hook.php(310): WC_Template_Loader::unsupported_theme_shop_content_filter('[countdown_time...')
#6 D:\wordpress-6.2.2-vi\wordpress\wp-includes\plugin.php(205): WP_Hook->apply_filters('[countdown_time...', Array)
#7 D:\wordpress-6.2.2-vi\wordpress\wp-includes\post-template.php(256): apply_filters('the_content', '<!-- wp:shortco...')
#8 D:\wordpress-6.2.2-vi\wordpress\wp-content\themes\website\page.php(45): the_content()
#9 D:\wordpress-6.2.2-vi\wordpress\wp-includes\template-loader.php(106): include('D:\\wordpress-6....')
#10 D:\wordpress-6.2.2-vi\wordpress\wp-blog-header.php(19): require_once('D:\\wordpress-6....')
#11 D:\wordpress-6.2.2-vi\wordpress\index.php(17): require('D:\\wordpress-6....')
#12 {main}
  thrown in D:\wordpress-6.2.2-vi\wordpress\wp-content\themes\website\woocommerce\content-product.php on line 33

2023-10-17T09:36:25+00:00 CRITICAL Uncaught Error: Call to undefined function countdown_timer_function_on_product_archive() in D:\wordpress-6.2.2-vi\wordpress\wp-content\themes\website\woocommerce\content-product.php:33
Stack trace:
#0 D:\wordpress-6.2.2-vi\wordpress\wp-includes\template.php(787): require()
#1 D:\wordpress-6.2.2-vi\wordpress\wp-content\plugins\woocommerce\includes\wc-core-functions.php(284): load_template('D:\\wordpress-6....', false)
#2 D:\wordpress-6.2.2-vi\wordpress\wp-content\plugins\woocommerce\includes\shortcodes\class-wc-shortcode-products.php(660): wc_get_template_part('content', 'product')
#3 D:\wordpress-6.2.2-vi\wordpress\wp-content\plugins\woocommerce\includes\shortcodes\class-wc-shortcode-products.php(100): WC_Shortcode_Products->product_loop()
#4 D:\wordpress-6.2.2-vi\wordpress\wp-content\plugins\woocommerce\includes\class-wc-template-loader.php(600): WC_Shortcode_Products->get_content()
#5 D:\wordpress-6.2.2-vi\wordpress\wp-includes\class-wp-hook.php(310): WC_Template_Loader::unsupported_theme_shop_content_filter('')
#6 D:\wordpress-6.2.2-vi\wordpress\wp-includes\plugin.php(205): WP_Hook->apply_filters('', Array)
#7 D:\wordpress-6.2.2-vi\wordpress\wp-includes\post-template.php(256): apply_filters('the_content', '<!-- wp:shortco...')
#8 D:\wordpress-6.2.2-vi\wordpress\wp-content\themes\website\page.php(45): the_content()
#9 D:\wordpress-6.2.2-vi\wordpress\wp-includes\template-loader.php(106): include('D:\\wordpress-6....')
#10 D:\wordpress-6.2.2-vi\wordpress\wp-blog-header.php(19): require_once('D:\\wordpress-6....')
#11 D:\wordpress-6.2.2-vi\wordpress\index.php(17): require('D:\\wordpress-6....')
#12 {main}
  thrown in D:\wordpress-6.2.2-vi\wordpress\wp-content\themes\website\woocommerce\content-product.php on line 33

