2023-11-01T02:41:14+00:00 CRITICAL Uncaught TypeError: call_user_func_array(): Argument #1 ($callback) must be a valid callback, function "website_wc_loop_rating_loop_price" not found or invalid function name in D:\wordpress-6.2.2-vi\wordpress\wp-includes\class-wp-hook.php:310
Stack trace:
#0 D:\wordpress-6.2.2-vi\wordpress\wp-includes\class-wp-hook.php(334): WP_Hook->apply_filters('', Array)
#1 D:\wordpress-6.2.2-vi\wordpress\wp-includes\plugin.php(517): WP_Hook->do_action(Array)
#2 D:\wordpress-6.2.2-vi\wordpress\wp-content\themes\website\woocommerce\content-product.php(57): do_action('woocommerce_aft...')
#3 D:\wordpress-6.2.2-vi\wordpress\wp-includes\template.php(787): require('D:\\wordpress-6....')
#4 D:\wordpress-6.2.2-vi\wordpress\wp-content\plugins\woocommerce\includes\wc-core-functions.php(284): load_template('D:\\wordpress-6....', false)
#5 D:\wordpress-6.2.2-vi\wordpress\wp-content\themes\website\woocommerce\archive-product.php(69): wc_get_template_part('content', 'product')
#6 D:\wordpress-6.2.2-vi\wordpress\wp-includes\template-loader.php(106): include('D:\\wordpress-6....')
#7 D:\wordpress-6.2.2-vi\wordpress\wp-blog-header.php(19): require_once('D:\\wordpress-6....')
#8 D:\wordpress-6.2.2-vi\wordpress\index.php(17): require('D:\\wordpress-6....')
#9 {main}
  thrown in D:\wordpress-6.2.2-vi\wordpress\wp-includes\class-wp-hook.php on line 310

2023-11-01T03:51:33+00:00 CRITICAL Uncaught TypeError: call_user_func_array(): Argument #1 ($callback) must be a valid callback, function "website_wc_loop_product_thumbnail" not found or invalid function name in D:\wordpress-6.2.2-vi\wordpress\wp-includes\class-wp-hook.php:310
Stack trace:
#0 D:\wordpress-6.2.2-vi\wordpress\wp-includes\class-wp-hook.php(334): WP_Hook->apply_filters(NULL, Array)
#1 D:\wordpress-6.2.2-vi\wordpress\wp-includes\plugin.php(517): WP_Hook->do_action(Array)
#2 D:\wordpress-6.2.2-vi\wordpress\wp-content\themes\website\woocommerce\content-product.php(42): do_action('woocommerce_bef...')
#3 D:\wordpress-6.2.2-vi\wordpress\wp-includes\template.php(787): require('D:\\wordpress-6....')
#4 D:\wordpress-6.2.2-vi\wordpress\wp-content\plugins\woocommerce\includes\wc-core-functions.php(284): load_template('D:\\wordpress-6....', false)
#5 D:\wordpress-6.2.2-vi\wordpress\wp-content\themes\website\woocommerce\archive-product.php(83): wc_get_template_part('content', 'product')
#6 D:\wordpress-6.2.2-vi\wordpress\wp-includes\template-loader.php(106): include('D:\\wordpress-6....')
#7 D:\wordpress-6.2.2-vi\wordpress\wp-blog-header.php(19): require_once('D:\\wordpress-6....')
#8 D:\wordpress-6.2.2-vi\wordpress\index.php(17): require('D:\\wordpress-6....')
#9 {main}
  thrown in D:\wordpress-6.2.2-vi\wordpress\wp-includes\class-wp-hook.php on line 310

2023-11-01T10:19:57+00:00 CRITICAL Uncaught Error: Call to a member function get_price_html() on null in D:\wordpress-6.2.2-vi\wordpress\wp-content\themes\website\woocommerce\loop\price.php:25
Stack trace:
#0 D:\wordpress-6.2.2-vi\wordpress\wp-content\plugins\woocommerce\includes\wc-core-functions.php(345): include()
#1 D:\wordpress-6.2.2-vi\wordpress\wp-content\plugins\woocommerce\includes\wc-template-functions.php(1404): wc_get_template('loop/price.php')
#2 D:\wordpress-6.2.2-vi\wordpress\wp-content\themes\website\sidebar-shop.php(60): woocommerce_template_loop_price()
#3 D:\wordpress-6.2.2-vi\wordpress\wp-includes\template.php(785): require_once('D:\\wordpress-6....')
#4 D:\wordpress-6.2.2-vi\wordpress\wp-includes\template.php(720): load_template('D:\\wordpress-6....', true, Array)
#5 D:\wordpress-6.2.2-vi\wordpress\wp-includes\general-template.php(136): locate_template(Array, true, true, Array)
#6 D:\wordpress-6.2.2-vi\wordpress\wp-content\themes\website\woocommerce\global\sidebar.php(22): get_sidebar('shop')
#7 D:\wordpress-6.2.2-vi\wordpress\wp-content\plugins\woocommerce\includes\wc-core-functions.php(345): include('D:\\wordpress-6....')
#8 D:\wordpress-6.2.2-vi\wordpress\wp-content\plugins\woocommerce\includes\wc-template-functions.php(1045): wc_get_template('global/sidebar....')
#9 D:\wordpress-6.2.2-vi\wordpress\wp-includes\class-wp-hook.php(310): woocommerce_get_sidebar('')
#10 D:\wordpress-6.2.2-vi\wordpress\wp-includes\class-wp-hook.php(334): WP_Hook->apply_filters(NULL, Array)
#11 D:\wordpress-6.2.2-vi\wordpress\wp-includes\plugin.php(517): WP_Hook->do_action(Array)
#12 D:\wordpress-6.2.2-vi\wordpress\wp-content\themes\website\woocommerce\archive-product.php(30): do_action('woocommerce_bef...')
#13 D:\wordpress-6.2.2-vi\wordpress\wp-includes\template-loader.php(106): include('D:\\wordpress-6....')
#14 D:\wordpress-6.2.2-vi\wordpress\wp-blog-header.php(19): require_once('D:\\wordpress-6....')
#15 D:\wordpress-6.2.2-vi\wordpress\index.php(17): require('D:\\wordpress-6....')
#16 {main}
  thrown in D:\wordpress-6.2.2-vi\wordpress\wp-content\themes\website\woocommerce\loop\price.php on line 25

2023-11-01T10:23:56+00:00 CRITICAL Uncaught ArgumentCountError: Too few arguments to function apply_filters(), 1 passed in D:\wordpress-6.2.2-vi\wordpress\wp-content\themes\website\sidebar-shop.php on line 68 and exactly 2 expected in D:\wordpress-6.2.2-vi\wordpress\wp-includes\plugin.php:173
Stack trace:
#0 D:\wordpress-6.2.2-vi\wordpress\wp-content\themes\website\sidebar-shop.php(68): apply_filters('website_wc_loop...')
#1 D:\wordpress-6.2.2-vi\wordpress\wp-includes\template.php(785): require_once('D:\\wordpress-6....')
#2 D:\wordpress-6.2.2-vi\wordpress\wp-includes\template.php(720): load_template('D:\\wordpress-6....', true, Array)
#3 D:\wordpress-6.2.2-vi\wordpress\wp-includes\general-template.php(136): locate_template(Array, true, true, Array)
#4 D:\wordpress-6.2.2-vi\wordpress\wp-content\themes\website\woocommerce\global\sidebar.php(22): get_sidebar('shop')
#5 D:\wordpress-6.2.2-vi\wordpress\wp-content\plugins\woocommerce\includes\wc-core-functions.php(345): include('D:\\wordpress-6....')
#6 D:\wordpress-6.2.2-vi\wordpress\wp-content\plugins\woocommerce\includes\wc-template-functions.php(1045): wc_get_template('global/sidebar....')
#7 D:\wordpress-6.2.2-vi\wordpress\wp-includes\class-wp-hook.php(310): woocommerce_get_sidebar('')
#8 D:\wordpress-6.2.2-vi\wordpress\wp-includes\class-wp-hook.php(334): WP_Hook->apply_filters(NULL, Array)
#9 D:\wordpress-6.2.2-vi\wordpress\wp-includes\plugin.php(517): WP_Hook->do_action(Array)
#10 D:\wordpress-6.2.2-vi\wordpress\wp-content\themes\website\woocommerce\archive-product.php(30): do_action('woocommerce_bef...')
#11 D:\wordpress-6.2.2-vi\wordpress\wp-includes\template-loader.php(106): include('D:\\wordpress-6....')
#12 D:\wordpress-6.2.2-vi\wordpress\wp-blog-header.php(19): require_once('D:\\wordpress-6....')
#13 D:\wordpress-6.2.2-vi\wordpress\index.php(17): require('D:\\wordpress-6....')
#14 {main}
  thrown in D:\wordpress-6.2.2-vi\wordpress\wp-includes\plugin.php on line 173

2023-11-01T10:24:59+00:00 CRITICAL Uncaught TypeError: call_user_func_array(): Argument #1 ($callback) must be a valid callback, function "website_wc_loop_rating_loop_price1" not found or invalid function name in D:\wordpress-6.2.2-vi\wordpress\wp-includes\class-wp-hook.php:310
Stack trace:
#0 D:\wordpress-6.2.2-vi\wordpress\wp-includes\class-wp-hook.php(334): WP_Hook->apply_filters('', Array)
#1 D:\wordpress-6.2.2-vi\wordpress\wp-includes\plugin.php(517): WP_Hook->do_action(Array)
#2 D:\wordpress-6.2.2-vi\wordpress\wp-content\themes\website\woocommerce\content-product.php(57): do_action('woocommerce_aft...')
#3 D:\wordpress-6.2.2-vi\wordpress\wp-includes\template.php(787): require('D:\\wordpress-6....')
#4 D:\wordpress-6.2.2-vi\wordpress\wp-content\plugins\woocommerce\includes\wc-core-functions.php(284): load_template('D:\\wordpress-6....', false)
#5 D:\wordpress-6.2.2-vi\wordpress\wp-content\themes\website\woocommerce\archive-product.php(83): wc_get_template_part('content', 'product')
#6 D:\wordpress-6.2.2-vi\wordpress\wp-includes\template-loader.php(106): include('D:\\wordpress-6....')
#7 D:\wordpress-6.2.2-vi\wordpress\wp-blog-header.php(19): require_once('D:\\wordpress-6....')
#8 D:\wordpress-6.2.2-vi\wordpress\index.php(17): require('D:\\wordpress-6....')
#9 {main}
  thrown in D:\wordpress-6.2.2-vi\wordpress\wp-includes\class-wp-hook.php on line 310

2023-11-01T10:25:02+00:00 CRITICAL Uncaught TypeError: call_user_func_array(): Argument #1 ($callback) must be a valid callback, function "website_wc_loop_rating_loop_price1" not found or invalid function name in D:\wordpress-6.2.2-vi\wordpress\wp-includes\class-wp-hook.php:310
Stack trace:
#0 D:\wordpress-6.2.2-vi\wordpress\wp-includes\class-wp-hook.php(334): WP_Hook->apply_filters('', Array)
#1 D:\wordpress-6.2.2-vi\wordpress\wp-includes\plugin.php(517): WP_Hook->do_action(Array)
#2 D:\wordpress-6.2.2-vi\wordpress\wp-content\themes\website\woocommerce\content-product.php(57): do_action('woocommerce_aft...')
#3 D:\wordpress-6.2.2-vi\wordpress\wp-includes\template.php(787): require('D:\\wordpress-6....')
#4 D:\wordpress-6.2.2-vi\wordpress\wp-content\plugins\woocommerce\includes\wc-core-functions.php(284): load_template('D:\\wordpress-6....', false)
#5 D:\wordpress-6.2.2-vi\wordpress\wp-content\themes\website\woocommerce\archive-product.php(83): wc_get_template_part('content', 'product')
#6 D:\wordpress-6.2.2-vi\wordpress\wp-includes\template-loader.php(106): include('D:\\wordpress-6....')
#7 D:\wordpress-6.2.2-vi\wordpress\wp-blog-header.php(19): require_once('D:\\wordpress-6....')
#8 D:\wordpress-6.2.2-vi\wordpress\index.php(17): require('D:\\wordpress-6....')
#9 {main}
  thrown in D:\wordpress-6.2.2-vi\wordpress\wp-includes\class-wp-hook.php on line 310

